<?xml version="1.0" encoding="utf-8"?>
<CoverageSession xmlns:xsi="http://www.w3.org/2001/XMLSchema-instance" xmlns:xsd="http://www.w3.org/2001/XMLSchema" Version="4.6.0.0">
  <Summary numSequencePoints="161" visitedSequencePoints="156" numBranchPoints="44" visitedBranchPoints="40" sequenceCoverage="96.89" branchCoverage="90.91" maxCyclomaticComplexity="5" minCyclomaticComplexity="1" maxCrapScore="5" minCrapScore="1" visitedClasses="12" numClasses="12" visitedMethods="30" numMethods="32" />
  <Modules>
    <Module hash="98-CA-EC-79-23-AE-96-7F-B3-38-47-DD-A5-3E-A1-F4-A4-19-52-9F">
      <Summary numSequencePoints="119" visitedSequencePoints="119" numBranchPoints="30" visitedBranchPoints="28" sequenceCoverage="100" branchCoverage="93.33" maxCyclomaticComplexity="5" minCyclomaticComplexity="1" maxCrapScore="5" minCrapScore="1" visitedClasses="6" numClasses="6" visitedMethods="20" numMethods="20" />
      <ModulePath>D:\Work\Test Projects\IntegrationTestSolution\IntegrationTests\bin\Debug\IntegrationTests.dll</ModulePath>
      <ModuleTime>2018-02-09T14:57:56.3184192Z</ModuleTime>
      <ModuleName>IntegrationTests</ModuleName>
      <Files>
        <File uid="1" fullPath="D:\Work\Test Projects\IntegrationTestSolution\IntegrationTests\IsolatedAttribute.cs" />
        <File uid="2" fullPath="D:\Work\Test Projects\IntegrationTestSolution\IntegrationTests\TestSetup.cs" />
        <File uid="4" fullPath="D:\Work\Test Projects\IntegrationTestSolution\IntegrationTests\Services\DepartmentServiceTest.cs" />
        <File uid="6" fullPath="D:\Work\Test Projects\IntegrationTestSolution\IntegrationTests\Services\EmployeeServiceTest.cs" />
      </Files>
      <Classes>
        <Class>
          <Summary numSequencePoints="9" visitedSequencePoints="9" numBranchPoints="5" visitedBranchPoints="4" sequenceCoverage="100" branchCoverage="80" maxCyclomaticComplexity="2" minCyclomaticComplexity="1" maxCrapScore="2" minCrapScore="1" visitedClasses="1" numClasses="1" visitedMethods="3" numMethods="3" />
          <FullName>IntegrationTests.IsolatedAttribute</FullName>
          <Methods>
            <Method visited="true" cyclomaticComplexity="1" nPathComplexity="0" sequenceCoverage="100" branchCoverage="100" crapScore="1" isConstructor="false" isStatic="false" isGetter="true" isSetter="false">
              <Summary numSequencePoints="1" visitedSequencePoints="1" numBranchPoints="1" visitedBranchPoints="1" sequenceCoverage="100" branchCoverage="100" maxCyclomaticComplexity="1" minCyclomaticComplexity="1" maxCrapScore="1" minCrapScore="1" visitedClasses="0" numClasses="0" visitedMethods="1" numMethods="1" />
              <MetadataToken>100663297</MetadataToken>
              <Name>NUnit.Framework.ActionTargets IntegrationTests.IsolatedAttribute::get_Targets()</Name>
              <FileRef uid="1" />
              <SequencePoints>
                <SequencePoint vc="3" uspid="1" ordinal="0" offset="0" sl="10" sc="41" el="10" ec="59" bec="0" bev="0" fileid="1" />
              </SequencePoints>
              <BranchPoints />
              <MethodPoint xsi:type="SequencePoint" vc="3" uspid="1" ordinal="0" offset="0" sl="10" sc="41" el="10" ec="59" bec="0" bev="0" fileid="1" />
            </Method>
            <Method visited="true" cyclomaticComplexity="2" nPathComplexity="2" sequenceCoverage="100" branchCoverage="66.67" crapScore="2" isConstructor="false" isStatic="false" isGetter="false" isSetter="false">
              <Summary numSequencePoints="5" visitedSequencePoints="5" numBranchPoints="3" visitedBranchPoints="2" sequenceCoverage="100" branchCoverage="66.67" maxCyclomaticComplexity="2" minCyclomaticComplexity="2" maxCrapScore="2" minCrapScore="2" visitedClasses="0" numClasses="0" visitedMethods="1" numMethods="1" />
              <MetadataToken>100663298</MetadataToken>
              <Name>System.Void IntegrationTests.IsolatedAttribute::AfterTest(NUnit.Framework.Interfaces.ITest)</Name>
              <FileRef uid="1" />
              <SequencePoints>
                <SequencePoint vc="3" uspid="2" ordinal="0" offset="0" sl="15" sc="9" el="15" ec="10" bec="0" bev="0" fileid="1" />
                <SequencePoint vc="3" uspid="3" ordinal="1" offset="1" sl="16" sc="13" el="16" ec="31" bec="2" bev="1" fileid="1" />
                <SequencePoint vc="3" uspid="4" ordinal="2" offset="14" sl="17" sc="17" el="17" ec="34" bec="0" bev="0" fileid="1" />
                <SequencePoint vc="3" uspid="5" ordinal="3" offset="26" sl="19" sc="13" el="19" ec="27" bec="0" bev="0" fileid="1" />
                <SequencePoint vc="3" uspid="6" ordinal="4" offset="33" sl="20" sc="9" el="20" ec="10" bec="0" bev="0" fileid="1" />
              </SequencePoints>
              <BranchPoints>
                <BranchPoint vc="3" uspid="7" ordinal="0" offset="12" sl="16" path="0" offsetend="14" fileid="1" />
                <BranchPoint vc="0" uspid="8" ordinal="1" offset="12" sl="16" path="1" offsetend="26" fileid="1" />
              </BranchPoints>
              <MethodPoint xsi:type="SequencePoint" vc="3" uspid="2" ordinal="0" offset="0" sl="15" sc="9" el="15" ec="10" bec="0" bev="0" fileid="1" />
            </Method>
            <Method visited="true" cyclomaticComplexity="1" nPathComplexity="0" sequenceCoverage="100" branchCoverage="100" crapScore="1" isConstructor="false" isStatic="false" isGetter="false" isSetter="false">
              <Summary numSequencePoints="3" visitedSequencePoints="3" numBranchPoints="1" visitedBranchPoints="1" sequenceCoverage="100" branchCoverage="100" maxCyclomaticComplexity="1" minCyclomaticComplexity="1" maxCrapScore="1" minCrapScore="1" visitedClasses="0" numClasses="0" visitedMethods="1" numMethods="1" />
              <MetadataToken>100663299</MetadataToken>
              <Name>System.Void IntegrationTests.IsolatedAttribute::BeforeTest(NUnit.Framework.Interfaces.ITest)</Name>
              <FileRef uid="1" />
              <SequencePoints>
                <SequencePoint vc="3" uspid="9" ordinal="0" offset="0" sl="23" sc="9" el="23" ec="10" bec="0" bev="0" fileid="1" />
                <SequencePoint vc="3" uspid="10" ordinal="1" offset="1" sl="24" sc="13" el="24" ec="79" bec="0" bev="0" fileid="1" />
                <SequencePoint vc="3" uspid="11" ordinal="2" offset="13" sl="25" sc="9" el="25" ec="10" bec="0" bev="0" fileid="1" />
              </SequencePoints>
              <BranchPoints />
              <MethodPoint xsi:type="SequencePoint" vc="3" uspid="9" ordinal="0" offset="0" sl="23" sc="9" el="23" ec="10" bec="0" bev="0" fileid="1" />
            </Method>
            <Method visited="false" cyclomaticComplexity="1" nPathComplexity="0" sequenceCoverage="0" branchCoverage="0" crapScore="2" isConstructor="true" isStatic="false" isGetter="false" isSetter="false">
              <Summary numSequencePoints="0" visitedSequencePoints="0" numBranchPoints="0" visitedBranchPoints="0" sequenceCoverage="0" branchCoverage="0" maxCyclomaticComplexity="1" minCyclomaticComplexity="1" maxCrapScore="2" minCrapScore="2" visitedClasses="0" numClasses="0" visitedMethods="0" numMethods="0" />
              <MetadataToken>100663300</MetadataToken>
              <Name>System.Void IntegrationTests.IsolatedAttribute::.ctor()</Name>
              <SequencePoints />
              <BranchPoints />
              <MethodPoint vc="0" uspid="12" ordinal="0" offset="0" />
            </Method>
          </Methods>
        </Class>
        <Class>
          <Summary numSequencePoints="61" visitedSequencePoints="61" numBranchPoints="16" visitedBranchPoints="15" sequenceCoverage="100" branchCoverage="93.75" maxCyclomaticComplexity="5" minCyclomaticComplexity="1" maxCrapScore="5" minCrapScore="1" visitedClasses="1" numClasses="1" visitedMethods="8" numMethods="8" />
          <FullName>IntegrationTests.TestSetup</FullName>
          <Methods>
            <Method visited="true" cyclomaticComplexity="2" nPathComplexity="2" sequenceCoverage="100" branchCoverage="66.67" crapScore="2" isConstructor="false" isStatic="true" isGetter="true" isSetter="false">
              <Summary numSequencePoints="7" visitedSequencePoints="7" numBranchPoints="3" visitedBranchPoints="2" sequenceCoverage="100" branchCoverage="66.67" maxCyclomaticComplexity="2" minCyclomaticComplexity="2" maxCrapScore="2" minCrapScore="2" visitedClasses="0" numClasses="0" visitedMethods="1" numMethods="1" />
              <MetadataToken>100663307</MetadataToken>
              <Name>System.String IntegrationTests.TestSetup::get_FileName()</Name>
              <FileRef uid="2" />
              <SequencePoints>
                <SequencePoint vc="1" uspid="13" ordinal="0" offset="0" sl="95" sc="13" el="95" ec="14" bec="0" bev="0" fileid="2" />
                <SequencePoint vc="1" uspid="14" ordinal="1" offset="1" sl="96" sc="17" el="96" ec="52" bec="2" bev="1" fileid="2" />
                <SequencePoint vc="1" uspid="15" ordinal="2" offset="15" sl="97" sc="17" el="97" ec="18" bec="0" bev="0" fileid="2" />
                <SequencePoint vc="1" uspid="16" ordinal="3" offset="16" sl="98" sc="21" el="101" ec="27" bec="0" bev="0" fileid="2" />
                <SequencePoint vc="1" uspid="17" ordinal="4" offset="56" sl="102" sc="17" el="102" ec="18" bec="0" bev="0" fileid="2" />
                <SequencePoint vc="1" uspid="18" ordinal="5" offset="57" sl="103" sc="17" el="103" ec="34" bec="0" bev="0" fileid="2" />
                <SequencePoint vc="1" uspid="19" ordinal="6" offset="65" sl="104" sc="13" el="104" ec="14" bec="0" bev="0" fileid="2" />
              </SequencePoints>
              <BranchPoints>
                <BranchPoint vc="1" uspid="20" ordinal="0" offset="13" sl="96" path="0" offsetend="15" fileid="2" />
                <BranchPoint vc="0" uspid="21" ordinal="1" offset="13" sl="96" path="1" offsetend="57" fileid="2" />
              </BranchPoints>
              <MethodPoint xsi:type="SequencePoint" vc="1" uspid="13" ordinal="0" offset="0" sl="95" sc="13" el="95" ec="14" bec="0" bev="0" fileid="2" />
            </Method>
            <Method visited="true" cyclomaticComplexity="2" nPathComplexity="2" sequenceCoverage="100" branchCoverage="100" crapScore="2" isConstructor="false" isStatic="true" isGetter="true" isSetter="false">
              <Summary numSequencePoints="8" visitedSequencePoints="8" numBranchPoints="3" visitedBranchPoints="3" sequenceCoverage="100" branchCoverage="100" maxCyclomaticComplexity="2" minCyclomaticComplexity="2" maxCrapScore="2" minCrapScore="2" visitedClasses="0" numClasses="0" visitedMethods="1" numMethods="1" />
              <MetadataToken>100663308</MetadataToken>
              <Name>System.String IntegrationTests.TestSetup::get_MasterDBConnectionStr()</Name>
              <FileRef uid="2" />
              <SequencePoints>
                <SequencePoint vc="4" uspid="22" ordinal="0" offset="0" sl="110" sc="13" el="110" ec="14" bec="0" bev="0" fileid="2" />
                <SequencePoint vc="4" uspid="23" ordinal="1" offset="1" sl="111" sc="17" el="111" ec="66" bec="2" bev="2" fileid="2" />
                <SequencePoint vc="1" uspid="24" ordinal="2" offset="15" sl="112" sc="17" el="112" ec="18" bec="0" bev="0" fileid="2" />
                <SequencePoint vc="1" uspid="25" ordinal="3" offset="16" sl="113" sc="21" el="118" ec="23" bec="0" bev="0" fileid="2" />
                <SequencePoint vc="1" uspid="26" ordinal="4" offset="54" sl="119" sc="21" el="119" ec="87" bec="0" bev="0" fileid="2" />
                <SequencePoint vc="1" uspid="27" ordinal="5" offset="65" sl="120" sc="17" el="120" ec="18" bec="0" bev="0" fileid="2" />
                <SequencePoint vc="4" uspid="28" ordinal="6" offset="66" sl="121" sc="17" el="121" ec="47" bec="0" bev="0" fileid="2" />
                <SequencePoint vc="4" uspid="29" ordinal="7" offset="74" sl="122" sc="13" el="122" ec="14" bec="0" bev="0" fileid="2" />
              </SequencePoints>
              <BranchPoints>
                <BranchPoint vc="1" uspid="30" ordinal="0" offset="13" sl="111" path="0" offsetend="15" fileid="2" />
                <BranchPoint vc="3" uspid="31" ordinal="1" offset="13" sl="111" path="1" offsetend="66" fileid="2" />
              </BranchPoints>
              <MethodPoint xsi:type="SequencePoint" vc="4" uspid="22" ordinal="0" offset="0" sl="110" sc="13" el="110" ec="14" bec="0" bev="0" fileid="2" />
            </Method>
            <Method visited="true" cyclomaticComplexity="1" nPathComplexity="0" sequenceCoverage="100" branchCoverage="100" crapScore="1" isConstructor="false" isStatic="true" isGetter="false" isSetter="false">
              <Summary numSequencePoints="4" visitedSequencePoints="4" numBranchPoints="1" visitedBranchPoints="1" sequenceCoverage="100" branchCoverage="100" maxCyclomaticComplexity="1" minCyclomaticComplexity="1" maxCrapScore="1" minCrapScore="1" visitedClasses="0" numClasses="0" visitedMethods="1" numMethods="1" />
              <MetadataToken>100663301</MetadataToken>
              <Name>System.Void IntegrationTests.TestSetup::SetupDatabase()</Name>
              <FileRef uid="2" />
              <SequencePoints>
                <SequencePoint vc="1" uspid="32" ordinal="0" offset="0" sl="22" sc="9" el="22" ec="10" bec="0" bev="0" fileid="2" />
                <SequencePoint vc="1" uspid="33" ordinal="1" offset="1" sl="23" sc="13" el="23" ec="28" bec="0" bev="0" fileid="2" />
                <SequencePoint vc="1" uspid="34" ordinal="2" offset="7" sl="24" sc="13" el="24" ec="30" bec="0" bev="0" fileid="2" />
                <SequencePoint vc="1" uspid="35" ordinal="3" offset="13" sl="25" sc="9" el="25" ec="10" bec="0" bev="0" fileid="2" />
              </SequencePoints>
              <BranchPoints />
              <MethodPoint xsi:type="SequencePoint" vc="1" uspid="32" ordinal="0" offset="0" sl="22" sc="9" el="22" ec="10" bec="0" bev="0" fileid="2" />
            </Method>
            <Method visited="true" cyclomaticComplexity="1" nPathComplexity="0" sequenceCoverage="100" branchCoverage="100" crapScore="1" isConstructor="false" isStatic="true" isGetter="false" isSetter="false">
              <Summary numSequencePoints="3" visitedSequencePoints="3" numBranchPoints="1" visitedBranchPoints="1" sequenceCoverage="100" branchCoverage="100" maxCyclomaticComplexity="1" minCyclomaticComplexity="1" maxCrapScore="1" minCrapScore="1" visitedClasses="0" numClasses="0" visitedMethods="1" numMethods="1" />
              <MetadataToken>100663302</MetadataToken>
              <Name>System.Void IntegrationTests.TestSetup::CreateDatabase()</Name>
              <FileRef uid="2" />
              <SequencePoints>
                <SequencePoint vc="1" uspid="36" ordinal="0" offset="0" sl="28" sc="9" el="28" ec="10" bec="0" bev="0" fileid="2" />
                <SequencePoint vc="1" uspid="37" ordinal="1" offset="1" sl="29" sc="13" el="31" ec="104" bec="0" bev="0" fileid="2" />
                <SequencePoint vc="1" uspid="38" ordinal="2" offset="37" sl="35" sc="9" el="35" ec="10" bec="0" bev="0" fileid="2" />
              </SequencePoints>
              <BranchPoints />
              <MethodPoint xsi:type="SequencePoint" vc="1" uspid="36" ordinal="0" offset="0" sl="28" sc="9" el="28" ec="10" bec="0" bev="0" fileid="2" />
            </Method>
            <Method visited="true" cyclomaticComplexity="1" nPathComplexity="0" sequenceCoverage="100" branchCoverage="100" crapScore="1" isConstructor="false" isStatic="false" isGetter="false" isSetter="false">
              <Summary numSequencePoints="3" visitedSequencePoints="3" numBranchPoints="1" visitedBranchPoints="1" sequenceCoverage="100" branchCoverage="100" maxCyclomaticComplexity="1" minCyclomaticComplexity="1" maxCrapScore="1" minCrapScore="1" visitedClasses="0" numClasses="0" visitedMethods="1" numMethods="1" />
              <MetadataToken>100663303</MetadataToken>
              <Name>System.Void IntegrationTests.TestSetup::TeardownDatabase()</Name>
              <FileRef uid="2" />
              <SequencePoints>
                <SequencePoint vc="1" uspid="39" ordinal="0" offset="0" sl="39" sc="9" el="39" ec="10" bec="0" bev="0" fileid="2" />
                <SequencePoint vc="1" uspid="40" ordinal="1" offset="1" sl="40" sc="13" el="40" ec="28" bec="0" bev="0" fileid="2" />
                <SequencePoint vc="1" uspid="41" ordinal="2" offset="7" sl="41" sc="9" el="41" ec="10" bec="0" bev="0" fileid="2" />
              </SequencePoints>
              <BranchPoints />
              <MethodPoint xsi:type="SequencePoint" vc="1" uspid="39" ordinal="0" offset="0" sl="39" sc="9" el="39" ec="10" bec="0" bev="0" fileid="2" />
            </Method>
            <Method visited="true" cyclomaticComplexity="3" nPathComplexity="2" sequenceCoverage="100" branchCoverage="100" crapScore="3" isConstructor="false" isStatic="true" isGetter="false" isSetter="false">
              <Summary numSequencePoints="8" visitedSequencePoints="8" numBranchPoints="3" visitedBranchPoints="3" sequenceCoverage="100" branchCoverage="100" maxCyclomaticComplexity="3" minCyclomaticComplexity="3" maxCrapScore="3" minCrapScore="3" visitedClasses="0" numClasses="0" visitedMethods="1" numMethods="1" />
              <MetadataToken>100663304</MetadataToken>
              <Name>System.Void IntegrationTests.TestSetup::DropDatabase()</Name>
              <FileRef uid="2" />
              <SequencePoints>
                <SequencePoint vc="2" uspid="42" ordinal="0" offset="0" sl="44" sc="9" el="44" ec="10" bec="0" bev="0" fileid="2" />
                <SequencePoint vc="2" uspid="43" ordinal="1" offset="1" sl="45" sc="13" el="49" ec="72" bec="0" bev="0" fileid="2" />
                <SequencePoint vc="2" uspid="44" ordinal="2" offset="68" sl="51" sc="13" el="51" ec="37" bec="2" bev="2" fileid="2" />
                <SequencePoint vc="1" uspid="45" ordinal="3" offset="81" sl="52" sc="13" el="52" ec="14" bec="0" bev="0" fileid="2" />
                <SequencePoint vc="1" uspid="46" ordinal="4" offset="82" sl="53" sc="17" el="53" ec="91" bec="0" bev="0" fileid="2" />
                <SequencePoint vc="1" uspid="47" ordinal="5" offset="108" sl="55" sc="17" el="55" ec="48" bec="0" bev="0" fileid="2" />
                <SequencePoint vc="1" uspid="48" ordinal="6" offset="127" sl="56" sc="13" el="56" ec="14" bec="0" bev="0" fileid="2" />
                <SequencePoint vc="2" uspid="49" ordinal="7" offset="128" sl="57" sc="9" el="57" ec="10" bec="0" bev="0" fileid="2" />
              </SequencePoints>
              <BranchPoints>
                <BranchPoint vc="1" uspid="52" ordinal="2" offset="79" sl="51" path="0" offsetend="81" fileid="2" />
                <BranchPoint vc="1" uspid="53" ordinal="3" offset="79" sl="51" path="1" offsetend="128" fileid="2" />
              </BranchPoints>
              <MethodPoint xsi:type="SequencePoint" vc="2" uspid="42" ordinal="0" offset="0" sl="44" sc="9" el="44" ec="10" bec="0" bev="0" fileid="2" />
            </Method>
            <Method visited="true" cyclomaticComplexity="3" nPathComplexity="0" sequenceCoverage="100" branchCoverage="100" crapScore="3" isConstructor="false" isStatic="true" isGetter="false" isSetter="false">
              <Summary numSequencePoints="10" visitedSequencePoints="10" numBranchPoints="1" visitedBranchPoints="1" sequenceCoverage="100" branchCoverage="100" maxCyclomaticComplexity="3" minCyclomaticComplexity="3" maxCrapScore="3" minCrapScore="3" visitedClasses="0" numClasses="0" visitedMethods="1" numMethods="1" />
              <MetadataToken>100663305</MetadataToken>
              <Name>System.Void IntegrationTests.TestSetup::ExecuteSQLCommand(System.String,System.String)</Name>
              <FileRef uid="2" />
              <SequencePoints>
                <SequencePoint vc="2" uspid="54" ordinal="0" offset="0" sl="60" sc="9" el="60" ec="10" bec="0" bev="0" fileid="2" />
                <SequencePoint vc="2" uspid="55" ordinal="1" offset="1" sl="61" sc="20" el="61" ec="66" bec="0" bev="0" fileid="2" />
                <SequencePoint vc="2" uspid="56" ordinal="2" offset="8" sl="62" sc="13" el="62" ec="14" bec="0" bev="0" fileid="2" />
                <SequencePoint vc="2" uspid="57" ordinal="3" offset="9" sl="63" sc="17" el="63" ec="29" bec="0" bev="0" fileid="2" />
                <SequencePoint vc="2" uspid="58" ordinal="4" offset="16" sl="64" sc="24" el="64" ec="71" bec="0" bev="0" fileid="2" />
                <SequencePoint vc="2" uspid="59" ordinal="5" offset="24" sl="65" sc="17" el="65" ec="18" bec="0" bev="0" fileid="2" />
                <SequencePoint vc="2" uspid="60" ordinal="6" offset="25" sl="66" sc="21" el="66" ec="47" bec="0" bev="0" fileid="2" />
                <SequencePoint vc="2" uspid="61" ordinal="7" offset="32" sl="67" sc="17" el="67" ec="18" bec="0" bev="0" fileid="2" />
                <SequencePoint vc="2" uspid="62" ordinal="8" offset="46" sl="68" sc="13" el="68" ec="14" bec="0" bev="0" fileid="2" />
                <SequencePoint vc="2" uspid="63" ordinal="9" offset="60" sl="69" sc="9" el="69" ec="10" bec="0" bev="0" fileid="2" />
              </SequencePoints>
              <BranchPoints />
              <MethodPoint xsi:type="SequencePoint" vc="2" uspid="54" ordinal="0" offset="0" sl="60" sc="9" el="60" ec="10" bec="0" bev="0" fileid="2" />
            </Method>
            <Method visited="true" cyclomaticComplexity="5" nPathComplexity="2" sequenceCoverage="100" branchCoverage="100" crapScore="5" isConstructor="false" isStatic="true" isGetter="false" isSetter="false">
              <Summary numSequencePoints="18" visitedSequencePoints="18" numBranchPoints="3" visitedBranchPoints="3" sequenceCoverage="100" branchCoverage="100" maxCyclomaticComplexity="5" minCyclomaticComplexity="5" maxCrapScore="5" minCrapScore="5" visitedClasses="0" numClasses="0" visitedMethods="1" numMethods="1" />
              <MetadataToken>100663306</MetadataToken>
              <Name>System.Collections.Generic.List`1&lt;T&gt; IntegrationTests.TestSetup::ExecuteSQLQuery(System.String,System.String,System.Func`2&lt;System.Data.SqlClient.SqlDataReader,T&gt;)</Name>
              <FileRef uid="2" />
              <SequencePoints>
                <SequencePoint vc="2" uspid="64" ordinal="0" offset="0" sl="73" sc="9" el="73" ec="10" bec="0" bev="0" fileid="2" />
                <SequencePoint vc="2" uspid="65" ordinal="1" offset="1" sl="74" sc="13" el="74" ec="40" bec="0" bev="0" fileid="2" />
                <SequencePoint vc="2" uspid="66" ordinal="2" offset="7" sl="75" sc="20" el="75" ec="66" bec="0" bev="0" fileid="2" />
                <SequencePoint vc="2" uspid="67" ordinal="3" offset="14" sl="76" sc="13" el="76" ec="14" bec="0" bev="0" fileid="2" />
                <SequencePoint vc="2" uspid="68" ordinal="4" offset="15" sl="77" sc="17" el="77" ec="29" bec="0" bev="0" fileid="2" />
                <SequencePoint vc="2" uspid="69" ordinal="5" offset="22" sl="78" sc="24" el="78" ec="71" bec="0" bev="0" fileid="2" />
                <SequencePoint vc="2" uspid="70" ordinal="6" offset="30" sl="79" sc="17" el="79" ec="18" bec="0" bev="0" fileid="2" />
                <SequencePoint vc="2" uspid="71" ordinal="7" offset="31" sl="80" sc="28" el="80" ec="64" bec="0" bev="0" fileid="2" />
                <SequencePoint vc="2" uspid="72" ordinal="8" offset="38" sl="81" sc="21" el="81" ec="22" bec="0" bev="0" fileid="2" />
                <SequencePoint vc="2" uspid="73" ordinal="9" offset="41" sl="83" sc="25" el="83" ec="26" bec="0" bev="0" fileid="2" />
                <SequencePoint vc="2" uspid="74" ordinal="10" offset="42" sl="84" sc="29" el="84" ec="54" bec="0" bev="0" fileid="2" />
                <SequencePoint vc="2" uspid="75" ordinal="11" offset="56" sl="85" sc="25" el="85" ec="26" bec="0" bev="0" fileid="2" />
                <SequencePoint vc="4" uspid="76" ordinal="12" offset="57" sl="82" sc="25" el="82" ec="46" bec="2" bev="2" fileid="2" />
                <SequencePoint vc="2" uspid="77" ordinal="13" offset="69" sl="86" sc="21" el="86" ec="22" bec="0" bev="0" fileid="2" />
                <SequencePoint vc="2" uspid="78" ordinal="14" offset="83" sl="87" sc="17" el="87" ec="18" bec="0" bev="0" fileid="2" />
                <SequencePoint vc="2" uspid="79" ordinal="15" offset="97" sl="88" sc="13" el="88" ec="14" bec="0" bev="0" fileid="2" />
                <SequencePoint vc="2" uspid="80" ordinal="16" offset="111" sl="89" sc="13" el="89" ec="27" bec="0" bev="0" fileid="2" />
                <SequencePoint vc="2" uspid="81" ordinal="17" offset="116" sl="90" sc="9" el="90" ec="10" bec="0" bev="0" fileid="2" />
              </SequencePoints>
              <BranchPoints>
                <BranchPoint vc="2" uspid="82" ordinal="0" offset="67" sl="82" path="0" offsetend="69" fileid="2" />
                <BranchPoint vc="2" uspid="83" ordinal="1" offset="67" sl="82" path="1" offsetend="41" fileid="2" />
              </BranchPoints>
              <MethodPoint xsi:type="SequencePoint" vc="2" uspid="64" ordinal="0" offset="0" sl="73" sc="9" el="73" ec="10" bec="0" bev="0" fileid="2" />
            </Method>
            <Method visited="false" cyclomaticComplexity="1" nPathComplexity="0" sequenceCoverage="0" branchCoverage="0" crapScore="2" isConstructor="true" isStatic="false" isGetter="false" isSetter="false">
              <Summary numSequencePoints="0" visitedSequencePoints="0" numBranchPoints="0" visitedBranchPoints="0" sequenceCoverage="0" branchCoverage="0" maxCyclomaticComplexity="1" minCyclomaticComplexity="1" maxCrapScore="2" minCrapScore="2" visitedClasses="0" numClasses="0" visitedMethods="0" numMethods="0" />
              <MetadataToken>100663309</MetadataToken>
              <Name>System.Void IntegrationTests.TestSetup::.ctor()</Name>
              <SequencePoints />
              <BranchPoints />
              <MethodPoint vc="0" uspid="84" ordinal="0" offset="0" />
            </Method>
          </Methods>
        </Class>
        <Class>
          <Summary numSequencePoints="1" visitedSequencePoints="1" numBranchPoints="1" visitedBranchPoints="1" sequenceCoverage="100" branchCoverage="100" maxCyclomaticComplexity="1" minCyclomaticComplexity="1" maxCrapScore="2" minCrapScore="1" visitedClasses="1" numClasses="1" visitedMethods="1" numMethods="1" />
          <FullName>IntegrationTests.TestSetup/&lt;&gt;c</FullName>
          <Methods>
            <Method visited="false" cyclomaticComplexity="1" nPathComplexity="0" sequenceCoverage="0" branchCoverage="0" crapScore="2" isConstructor="true" isStatic="true" isGetter="false" isSetter="false">
              <Summary numSequencePoints="0" visitedSequencePoints="0" numBranchPoints="0" visitedBranchPoints="0" sequenceCoverage="0" branchCoverage="0" maxCyclomaticComplexity="1" minCyclomaticComplexity="1" maxCrapScore="2" minCrapScore="2" visitedClasses="0" numClasses="0" visitedMethods="0" numMethods="0" />
              <MetadataToken>100663319</MetadataToken>
              <Name>System.Void IntegrationTests.TestSetup/&lt;&gt;c::.cctor()</Name>
              <SequencePoints />
              <BranchPoints />
              <MethodPoint vc="0" uspid="85" ordinal="0" offset="0" />
            </Method>
            <Method visited="false" cyclomaticComplexity="1" nPathComplexity="0" sequenceCoverage="0" branchCoverage="0" crapScore="2" isConstructor="true" isStatic="false" isGetter="false" isSetter="false">
              <Summary numSequencePoints="0" visitedSequencePoints="0" numBranchPoints="0" visitedBranchPoints="0" sequenceCoverage="0" branchCoverage="0" maxCyclomaticComplexity="1" minCyclomaticComplexity="1" maxCrapScore="2" minCrapScore="2" visitedClasses="0" numClasses="0" visitedMethods="0" numMethods="0" />
              <MetadataToken>100663320</MetadataToken>
              <Name>System.Void IntegrationTests.TestSetup/&lt;&gt;c::.ctor()</Name>
              <SequencePoints />
              <BranchPoints />
              <MethodPoint vc="0" uspid="86" ordinal="0" offset="0" />
            </Method>
            <Method visited="true" cyclomaticComplexity="1" nPathComplexity="0" sequenceCoverage="100" branchCoverage="100" crapScore="1" isConstructor="false" isStatic="false" isGetter="false" isSetter="false">
              <Summary numSequencePoints="1" visitedSequencePoints="1" numBranchPoints="1" visitedBranchPoints="1" sequenceCoverage="100" branchCoverage="100" maxCyclomaticComplexity="1" minCyclomaticComplexity="1" maxCrapScore="1" minCrapScore="1" visitedClasses="0" numClasses="0" visitedMethods="1" numMethods="1" />
              <MetadataToken>100663321</MetadataToken>
              <Name>System.String IntegrationTests.TestSetup/&lt;&gt;c::&lt;DropDatabase&gt;b__6_0(System.Data.SqlClient.SqlDataReader)</Name>
              <FileRef uid="2" />
              <SequencePoints>
                <SequencePoint vc="2" uspid="87" ordinal="0" offset="0" sl="49" sc="39" el="49" ec="70" bec="0" bev="0" fileid="2" />
              </SequencePoints>
              <BranchPoints />
              <MethodPoint xsi:type="SequencePoint" vc="2" uspid="87" ordinal="0" offset="0" sl="49" sc="39" el="49" ec="70" bec="0" bev="0" fileid="2" />
            </Method>
          </Methods>
        </Class>
        <Class>
          <Summary numSequencePoints="32" visitedSequencePoints="32" numBranchPoints="5" visitedBranchPoints="5" sequenceCoverage="100" branchCoverage="100" maxCyclomaticComplexity="1" minCyclomaticComplexity="1" maxCrapScore="2" minCrapScore="1" visitedClasses="1" numClasses="1" visitedMethods="5" numMethods="5" />
          <FullName>IntegrationTests.Services.DepartmentServiceTest</FullName>
          <Methods>
            <Method visited="true" cyclomaticComplexity="1" nPathComplexity="0" sequenceCoverage="100" branchCoverage="100" crapScore="1" isConstructor="false" isStatic="false" isGetter="false" isSetter="false">
              <Summary numSequencePoints="7" visitedSequencePoints="7" numBranchPoints="1" visitedBranchPoints="1" sequenceCoverage="100" branchCoverage="100" maxCyclomaticComplexity="1" minCyclomaticComplexity="1" maxCrapScore="1" minCrapScore="1" visitedClasses="0" numClasses="0" visitedMethods="1" numMethods="1" />
              <MetadataToken>100663310</MetadataToken>
              <Name>System.Void IntegrationTests.Services.DepartmentServiceTest::CanCreateDepartment()</Name>
              <FileRef uid="4" />
              <SequencePoints>
                <SequencePoint vc="1" uspid="88" ordinal="0" offset="0" sl="15" sc="9" el="15" ec="10" bec="0" bev="0" fileid="4">
                  <TrackedMethodRefs>
                    <TrackedMethodRef uid="1" vc="1" />
                  </TrackedMethodRefs>
                </SequencePoint>
                <SequencePoint vc="1" uspid="89" ordinal="1" offset="1" sl="16" sc="13" el="16" ec="62" bec="0" bev="0" fileid="4">
                  <TrackedMethodRefs>
                    <TrackedMethodRef uid="1" vc="1" />
                  </TrackedMethodRefs>
                </SequencePoint>
                <SequencePoint vc="1" uspid="90" ordinal="2" offset="7" sl="18" sc="13" el="18" ec="46" bec="0" bev="0" fileid="4">
                  <TrackedMethodRefs>
                    <TrackedMethodRef uid="1" vc="1" />
                  </TrackedMethodRefs>
                </SequencePoint>
                <SequencePoint vc="1" uspid="91" ordinal="3" offset="13" sl="19" sc="13" el="19" ec="69" bec="0" bev="0" fileid="4">
                  <TrackedMethodRefs>
                    <TrackedMethodRef uid="1" vc="1" />
                  </TrackedMethodRefs>
                </SequencePoint>
                <SequencePoint vc="1" uspid="92" ordinal="4" offset="26" sl="21" sc="13" el="21" ec="56" bec="0" bev="0" fileid="4">
                  <TrackedMethodRefs>
                    <TrackedMethodRef uid="1" vc="1" />
                  </TrackedMethodRefs>
                </SequencePoint>
                <SequencePoint vc="1" uspid="93" ordinal="5" offset="39" sl="22" sc="13" el="22" ec="43" bec="0" bev="0" fileid="4">
                  <TrackedMethodRefs>
                    <TrackedMethodRef uid="1" vc="1" />
                  </TrackedMethodRefs>
                </SequencePoint>
                <SequencePoint vc="1" uspid="94" ordinal="6" offset="51" sl="23" sc="9" el="23" ec="10" bec="0" bev="0" fileid="4">
                  <TrackedMethodRefs>
                    <TrackedMethodRef uid="1" vc="1" />
                  </TrackedMethodRefs>
                </SequencePoint>
              </SequencePoints>
              <BranchPoints />
              <MethodPoint xsi:type="SequencePoint" vc="1" uspid="88" ordinal="0" offset="0" sl="15" sc="9" el="15" ec="10" bec="0" bev="0" fileid="4">
                <TrackedMethodRefs>
                  <TrackedMethodRef uid="1" vc="1" />
                </TrackedMethodRefs>
              </MethodPoint>
            </Method>
            <Method visited="true" cyclomaticComplexity="1" nPathComplexity="0" sequenceCoverage="100" branchCoverage="100" crapScore="1" isConstructor="false" isStatic="false" isGetter="false" isSetter="false">
              <Summary numSequencePoints="8" visitedSequencePoints="8" numBranchPoints="1" visitedBranchPoints="1" sequenceCoverage="100" branchCoverage="100" maxCyclomaticComplexity="1" minCyclomaticComplexity="1" maxCrapScore="1" minCrapScore="1" visitedClasses="0" numClasses="0" visitedMethods="1" numMethods="1" />
              <MetadataToken>100663311</MetadataToken>
              <Name>System.Void IntegrationTests.Services.DepartmentServiceTest::CanAddEmployeeToDepartment()</Name>
              <FileRef uid="4" />
              <SequencePoints>
                <SequencePoint vc="1" uspid="95" ordinal="0" offset="0" sl="27" sc="9" el="27" ec="10" bec="0" bev="0" fileid="4">
                  <TrackedMethodRefs>
                    <TrackedMethodRef uid="2" vc="1" />
                  </TrackedMethodRefs>
                </SequencePoint>
                <SequencePoint vc="1" uspid="96" ordinal="1" offset="1" sl="28" sc="13" el="28" ec="62" bec="0" bev="0" fileid="4">
                  <TrackedMethodRefs>
                    <TrackedMethodRef uid="2" vc="1" />
                  </TrackedMethodRefs>
                </SequencePoint>
                <SequencePoint vc="1" uspid="97" ordinal="2" offset="7" sl="29" sc="13" el="29" ec="86" bec="0" bev="0" fileid="4">
                  <TrackedMethodRefs>
                    <TrackedMethodRef uid="2" vc="1" />
                  </TrackedMethodRefs>
                </SequencePoint>
                <SequencePoint vc="1" uspid="98" ordinal="3" offset="19" sl="31" sc="13" el="31" ec="87" bec="0" bev="0" fileid="4">
                  <TrackedMethodRefs>
                    <TrackedMethodRef uid="2" vc="1" />
                  </TrackedMethodRefs>
                </SequencePoint>
                <SequencePoint vc="1" uspid="99" ordinal="4" offset="40" sl="33" sc="13" el="33" ec="79" bec="0" bev="0" fileid="4">
                  <TrackedMethodRefs>
                    <TrackedMethodRef uid="2" vc="1" />
                  </TrackedMethodRefs>
                </SequencePoint>
                <SequencePoint vc="1" uspid="100" ordinal="5" offset="49" sl="35" sc="13" el="35" ec="60" bec="0" bev="0" fileid="4">
                  <TrackedMethodRefs>
                    <TrackedMethodRef uid="2" vc="1" />
                  </TrackedMethodRefs>
                </SequencePoint>
                <SequencePoint vc="1" uspid="101" ordinal="6" offset="77" sl="36" sc="13" el="36" ec="46" bec="0" bev="0" fileid="4">
                  <TrackedMethodRefs>
                    <TrackedMethodRef uid="2" vc="1" />
                  </TrackedMethodRefs>
                </SequencePoint>
                <SequencePoint vc="1" uspid="102" ordinal="7" offset="89" sl="37" sc="9" el="37" ec="10" bec="0" bev="0" fileid="4">
                  <TrackedMethodRefs>
                    <TrackedMethodRef uid="2" vc="1" />
                  </TrackedMethodRefs>
                </SequencePoint>
              </SequencePoints>
              <BranchPoints />
              <MethodPoint xsi:type="SequencePoint" vc="1" uspid="95" ordinal="0" offset="0" sl="27" sc="9" el="27" ec="10" bec="0" bev="0" fileid="4">
                <TrackedMethodRefs>
                  <TrackedMethodRef uid="2" vc="1" />
                </TrackedMethodRefs>
              </MethodPoint>
            </Method>
            <Method visited="true" cyclomaticComplexity="1" nPathComplexity="0" sequenceCoverage="100" branchCoverage="100" crapScore="1" isConstructor="false" isStatic="false" isGetter="false" isSetter="false">
              <Summary numSequencePoints="8" visitedSequencePoints="8" numBranchPoints="1" visitedBranchPoints="1" sequenceCoverage="100" branchCoverage="100" maxCyclomaticComplexity="1" minCyclomaticComplexity="1" maxCrapScore="1" minCrapScore="1" visitedClasses="0" numClasses="0" visitedMethods="1" numMethods="1" />
              <MetadataToken>100663312</MetadataToken>
              <Name>System.Void IntegrationTests.Services.DepartmentServiceTest::CannotAddSameEmployeeMultipleTimes()</Name>
              <FileRef uid="4" />
              <SequencePoints>
                <SequencePoint vc="1" uspid="103" ordinal="0" offset="6" sl="41" sc="9" el="41" ec="10" bec="0" bev="0" fileid="4">
                  <TrackedMethodRefs>
                    <TrackedMethodRef uid="3" vc="1" />
                  </TrackedMethodRefs>
                </SequencePoint>
                <SequencePoint vc="1" uspid="104" ordinal="1" offset="7" sl="42" sc="13" el="42" ec="62" bec="0" bev="0" fileid="4">
                  <TrackedMethodRefs>
                    <TrackedMethodRef uid="3" vc="1" />
                  </TrackedMethodRefs>
                </SequencePoint>
                <SequencePoint vc="1" uspid="105" ordinal="2" offset="18" sl="43" sc="13" el="43" ec="86" bec="0" bev="0" fileid="4">
                  <TrackedMethodRefs>
                    <TrackedMethodRef uid="3" vc="1" />
                  </TrackedMethodRefs>
                </SequencePoint>
                <SequencePoint vc="1" uspid="106" ordinal="3" offset="40" sl="45" sc="13" el="45" ec="87" bec="0" bev="0" fileid="4">
                  <TrackedMethodRefs>
                    <TrackedMethodRef uid="3" vc="1" />
                  </TrackedMethodRefs>
                </SequencePoint>
                <SequencePoint vc="1" uspid="107" ordinal="4" offset="61" sl="46" sc="13" el="46" ec="80" bec="0" bev="0" fileid="4">
                  <TrackedMethodRefs>
                    <TrackedMethodRef uid="3" vc="1" />
                  </TrackedMethodRefs>
                </SequencePoint>
                <SequencePoint vc="1" uspid="108" ordinal="5" offset="85" sl="48" sc="13" el="48" ec="120" bec="0" bev="0" fileid="4">
                  <TrackedMethodRefs>
                    <TrackedMethodRef uid="3" vc="1" />
                  </TrackedMethodRefs>
                </SequencePoint>
                <SequencePoint vc="1" uspid="109" ordinal="6" offset="103" sl="49" sc="13" el="49" ec="89" bec="0" bev="0" fileid="4">
                  <TrackedMethodRefs>
                    <TrackedMethodRef uid="3" vc="1" />
                  </TrackedMethodRefs>
                </SequencePoint>
                <SequencePoint vc="1" uspid="110" ordinal="7" offset="125" sl="50" sc="9" el="50" ec="10" bec="0" bev="0" fileid="4">
                  <TrackedMethodRefs>
                    <TrackedMethodRef uid="3" vc="1" />
                  </TrackedMethodRefs>
                </SequencePoint>
              </SequencePoints>
              <BranchPoints />
              <MethodPoint vc="1" uspid="111" ordinal="0" offset="0">
                <TrackedMethodRefs>
                  <TrackedMethodRef uid="3" vc="1" />
                </TrackedMethodRefs>
              </MethodPoint>
            </Method>
            <Method visited="true" cyclomaticComplexity="1" nPathComplexity="0" sequenceCoverage="100" branchCoverage="100" crapScore="1" isConstructor="false" isStatic="true" isGetter="false" isSetter="false">
              <Summary numSequencePoints="4" visitedSequencePoints="4" numBranchPoints="1" visitedBranchPoints="1" sequenceCoverage="100" branchCoverage="100" maxCyclomaticComplexity="1" minCyclomaticComplexity="1" maxCrapScore="1" minCrapScore="1" visitedClasses="0" numClasses="0" visitedMethods="1" numMethods="1" />
              <MetadataToken>100663313</MetadataToken>
              <Name>Company.Data.Entities.Department IntegrationTests.Services.DepartmentServiceTest::CreateDepartment(Company.BusinessLogic.Services.DepartmentService,System.String)</Name>
              <FileRef uid="4" />
              <SequencePoints>
                <SequencePoint vc="2" uspid="112" ordinal="0" offset="0" sl="53" sc="9" el="53" ec="10" bec="0" bev="0" fileid="4">
                  <TrackedMethodRefs>
                    <TrackedMethodRef uid="2" vc="1" />
                    <TrackedMethodRef uid="3" vc="1" />
                  </TrackedMethodRefs>
                </SequencePoint>
                <SequencePoint vc="2" uspid="113" ordinal="1" offset="1" sl="54" sc="13" el="54" ec="69" bec="0" bev="0" fileid="4">
                  <TrackedMethodRefs>
                    <TrackedMethodRef uid="2" vc="1" />
                    <TrackedMethodRef uid="3" vc="1" />
                  </TrackedMethodRefs>
                </SequencePoint>
                <SequencePoint vc="2" uspid="114" ordinal="2" offset="14" sl="55" sc="13" el="55" ec="31" bec="0" bev="0" fileid="4">
                  <TrackedMethodRefs>
                    <TrackedMethodRef uid="2" vc="1" />
                    <TrackedMethodRef uid="3" vc="1" />
                  </TrackedMethodRefs>
                </SequencePoint>
                <SequencePoint vc="2" uspid="115" ordinal="3" offset="18" sl="56" sc="9" el="56" ec="10" bec="0" bev="0" fileid="4">
                  <TrackedMethodRefs>
                    <TrackedMethodRef uid="2" vc="1" />
                    <TrackedMethodRef uid="3" vc="1" />
                  </TrackedMethodRefs>
                </SequencePoint>
              </SequencePoints>
              <BranchPoints />
              <MethodPoint xsi:type="SequencePoint" vc="2" uspid="112" ordinal="0" offset="0" sl="53" sc="9" el="53" ec="10" bec="0" bev="0" fileid="4">
                <TrackedMethodRefs>
                  <TrackedMethodRef uid="2" vc="1" />
                  <TrackedMethodRef uid="3" vc="1" />
                </TrackedMethodRefs>
              </MethodPoint>
            </Method>
            <Method visited="true" cyclomaticComplexity="1" nPathComplexity="0" sequenceCoverage="100" branchCoverage="100" crapScore="1" isConstructor="false" isStatic="true" isGetter="false" isSetter="false">
              <Summary numSequencePoints="5" visitedSequencePoints="5" numBranchPoints="1" visitedBranchPoints="1" sequenceCoverage="100" branchCoverage="100" maxCyclomaticComplexity="1" minCyclomaticComplexity="1" maxCrapScore="1" minCrapScore="1" visitedClasses="0" numClasses="0" visitedMethods="1" numMethods="1" />
              <MetadataToken>100663314</MetadataToken>
              <Name>Company.BusinessLogic.Services.DepartmentService IntegrationTests.Services.DepartmentServiceTest::GetDepartmentServiceInstance()</Name>
              <FileRef uid="4" />
              <SequencePoints>
                <SequencePoint vc="3" uspid="116" ordinal="0" offset="0" sl="59" sc="9" el="59" ec="10" bec="0" bev="0" fileid="4">
                  <TrackedMethodRefs>
                    <TrackedMethodRef uid="2" vc="1" />
                    <TrackedMethodRef uid="1" vc="1" />
                    <TrackedMethodRef uid="3" vc="1" />
                  </TrackedMethodRefs>
                </SequencePoint>
                <SequencePoint vc="3" uspid="117" ordinal="1" offset="1" sl="60" sc="13" el="60" ec="50" bec="0" bev="0" fileid="4">
                  <TrackedMethodRefs>
                    <TrackedMethodRef uid="2" vc="1" />
                    <TrackedMethodRef uid="1" vc="1" />
                    <TrackedMethodRef uid="3" vc="1" />
                  </TrackedMethodRefs>
                </SequencePoint>
                <SequencePoint vc="3" uspid="118" ordinal="2" offset="7" sl="61" sc="13" el="61" ec="62" bec="0" bev="0" fileid="4">
                  <TrackedMethodRefs>
                    <TrackedMethodRef uid="2" vc="1" />
                    <TrackedMethodRef uid="1" vc="1" />
                    <TrackedMethodRef uid="3" vc="1" />
                  </TrackedMethodRefs>
                </SequencePoint>
                <SequencePoint vc="3" uspid="119" ordinal="3" offset="14" sl="62" sc="13" el="62" ec="32" bec="0" bev="0" fileid="4">
                  <TrackedMethodRefs>
                    <TrackedMethodRef uid="2" vc="1" />
                    <TrackedMethodRef uid="1" vc="1" />
                    <TrackedMethodRef uid="3" vc="1" />
                  </TrackedMethodRefs>
                </SequencePoint>
                <SequencePoint vc="3" uspid="120" ordinal="4" offset="18" sl="63" sc="9" el="63" ec="10" bec="0" bev="0" fileid="4">
                  <TrackedMethodRefs>
                    <TrackedMethodRef uid="2" vc="1" />
                    <TrackedMethodRef uid="1" vc="1" />
                    <TrackedMethodRef uid="3" vc="1" />
                  </TrackedMethodRefs>
                </SequencePoint>
              </SequencePoints>
              <BranchPoints />
              <MethodPoint xsi:type="SequencePoint" vc="3" uspid="116" ordinal="0" offset="0" sl="59" sc="9" el="59" ec="10" bec="0" bev="0" fileid="4">
                <TrackedMethodRefs>
                  <TrackedMethodRef uid="2" vc="1" />
                  <TrackedMethodRef uid="1" vc="1" />
                  <TrackedMethodRef uid="3" vc="1" />
                </TrackedMethodRefs>
              </MethodPoint>
            </Method>
            <Method visited="false" cyclomaticComplexity="1" nPathComplexity="0" sequenceCoverage="0" branchCoverage="0" crapScore="2" isConstructor="true" isStatic="false" isGetter="false" isSetter="false">
              <Summary numSequencePoints="0" visitedSequencePoints="0" numBranchPoints="0" visitedBranchPoints="0" sequenceCoverage="0" branchCoverage="0" maxCyclomaticComplexity="1" minCyclomaticComplexity="1" maxCrapScore="2" minCrapScore="2" visitedClasses="0" numClasses="0" visitedMethods="0" numMethods="0" />
              <MetadataToken>100663315</MetadataToken>
              <Name>System.Void IntegrationTests.Services.DepartmentServiceTest::.ctor()</Name>
              <SequencePoints />
              <BranchPoints />
              <MethodPoint vc="0" uspid="121" ordinal="0" offset="0" />
            </Method>
          </Methods>
        </Class>
        <Class>
          <Summary numSequencePoints="1" visitedSequencePoints="1" numBranchPoints="1" visitedBranchPoints="1" sequenceCoverage="100" branchCoverage="100" maxCyclomaticComplexity="1" minCyclomaticComplexity="1" maxCrapScore="2" minCrapScore="1" visitedClasses="1" numClasses="1" visitedMethods="1" numMethods="1" />
          <FullName>IntegrationTests.Services.DepartmentServiceTest/&lt;&gt;c__DisplayClass2_0</FullName>
          <Methods>
            <Method visited="false" cyclomaticComplexity="1" nPathComplexity="0" sequenceCoverage="0" branchCoverage="0" crapScore="2" isConstructor="true" isStatic="false" isGetter="false" isSetter="false">
              <Summary numSequencePoints="0" visitedSequencePoints="0" numBranchPoints="0" visitedBranchPoints="0" sequenceCoverage="0" branchCoverage="0" maxCyclomaticComplexity="1" minCyclomaticComplexity="1" maxCrapScore="2" minCrapScore="2" visitedClasses="0" numClasses="0" visitedMethods="0" numMethods="0" />
              <MetadataToken>100663322</MetadataToken>
              <Name>System.Void IntegrationTests.Services.DepartmentServiceTest/&lt;&gt;c__DisplayClass2_0::.ctor()</Name>
              <SequencePoints />
              <BranchPoints />
              <MethodPoint vc="0" uspid="122" ordinal="0" offset="0" />
            </Method>
            <Method visited="true" cyclomaticComplexity="1" nPathComplexity="0" sequenceCoverage="100" branchCoverage="100" crapScore="1" isConstructor="false" isStatic="false" isGetter="false" isSetter="false">
              <Summary numSequencePoints="1" visitedSequencePoints="1" numBranchPoints="1" visitedBranchPoints="1" sequenceCoverage="100" branchCoverage="100" maxCyclomaticComplexity="1" minCyclomaticComplexity="1" maxCrapScore="1" minCrapScore="1" visitedClasses="0" numClasses="0" visitedMethods="1" numMethods="1" />
              <MetadataToken>100663323</MetadataToken>
              <Name>System.Void IntegrationTests.Services.DepartmentServiceTest/&lt;&gt;c__DisplayClass2_0::&lt;CannotAddSameEmployeeMultipleTimes&gt;b__0()</Name>
              <FileRef uid="4" />
              <SequencePoints>
                <SequencePoint vc="1" uspid="123" ordinal="0" offset="0" sl="48" sc="67" el="48" ec="118" bec="0" bev="0" fileid="4">
                  <TrackedMethodRefs>
                    <TrackedMethodRef uid="3" vc="1" />
                  </TrackedMethodRefs>
                </SequencePoint>
              </SequencePoints>
              <BranchPoints />
              <MethodPoint xsi:type="SequencePoint" vc="1" uspid="123" ordinal="0" offset="0" sl="48" sc="67" el="48" ec="118" bec="0" bev="0" fileid="4">
                <TrackedMethodRefs>
                  <TrackedMethodRef uid="3" vc="1" />
                </TrackedMethodRefs>
              </MethodPoint>
            </Method>
          </Methods>
        </Class>
        <Class>
          <Summary numSequencePoints="15" visitedSequencePoints="15" numBranchPoints="2" visitedBranchPoints="2" sequenceCoverage="100" branchCoverage="100" maxCyclomaticComplexity="1" minCyclomaticComplexity="1" maxCrapScore="2" minCrapScore="1" visitedClasses="1" numClasses="1" visitedMethods="2" numMethods="2" />
          <FullName>IntegrationTests.Services.EmployeeServiceTest</FullName>
          <Methods>
            <Method visited="true" cyclomaticComplexity="1" nPathComplexity="0" sequenceCoverage="100" branchCoverage="100" crapScore="1" isConstructor="false" isStatic="false" isGetter="false" isSetter="false">
              <Summary numSequencePoints="11" visitedSequencePoints="11" numBranchPoints="1" visitedBranchPoints="1" sequenceCoverage="100" branchCoverage="100" maxCyclomaticComplexity="1" minCyclomaticComplexity="1" maxCrapScore="1" minCrapScore="1" visitedClasses="0" numClasses="0" visitedMethods="1" numMethods="1" />
              <MetadataToken>100663316</MetadataToken>
              <Name>System.Void IntegrationTests.Services.EmployeeServiceTest::CanCreateEmployee()</Name>
              <FileRef uid="6" />
              <SequencePoints>
                <SequencePoint vc="1" uspid="124" ordinal="0" offset="0" sl="14" sc="9" el="14" ec="10" bec="0" bev="0" fileid="6">
                  <TrackedMethodRefs>
                    <TrackedMethodRef uid="4" vc="1" />
                  </TrackedMethodRefs>
                </SequencePoint>
                <SequencePoint vc="1" uspid="125" ordinal="1" offset="1" sl="15" sc="13" el="15" ec="64" bec="0" bev="0" fileid="6">
                  <TrackedMethodRefs>
                    <TrackedMethodRef uid="4" vc="1" />
                  </TrackedMethodRefs>
                </SequencePoint>
                <SequencePoint vc="1" uspid="126" ordinal="2" offset="8" sl="16" sc="13" el="16" ec="51" bec="0" bev="0" fileid="6">
                  <TrackedMethodRefs>
                    <TrackedMethodRef uid="4" vc="1" />
                  </TrackedMethodRefs>
                </SequencePoint>
                <SequencePoint vc="1" uspid="127" ordinal="3" offset="29" sl="17" sc="13" el="17" ec="51" bec="0" bev="0" fileid="6">
                  <TrackedMethodRefs>
                    <TrackedMethodRef uid="4" vc="1" />
                  </TrackedMethodRefs>
                </SequencePoint>
                <SequencePoint vc="1" uspid="128" ordinal="4" offset="50" sl="18" sc="13" el="18" ec="51" bec="0" bev="0" fileid="6">
                  <TrackedMethodRefs>
                    <TrackedMethodRef uid="4" vc="1" />
                  </TrackedMethodRefs>
                </SequencePoint>
                <SequencePoint vc="1" uspid="129" ordinal="5" offset="71" sl="19" sc="13" el="19" ec="75" bec="0" bev="0" fileid="6">
                  <TrackedMethodRefs>
                    <TrackedMethodRef uid="4" vc="1" />
                  </TrackedMethodRefs>
                </SequencePoint>
                <SequencePoint vc="1" uspid="130" ordinal="6" offset="82" sl="21" sc="13" el="21" ec="47" bec="0" bev="0" fileid="6">
                  <TrackedMethodRefs>
                    <TrackedMethodRef uid="4" vc="1" />
                  </TrackedMethodRefs>
                </SequencePoint>
                <SequencePoint vc="1" uspid="131" ordinal="7" offset="96" sl="22" sc="13" el="22" ec="51" bec="0" bev="0" fileid="6">
                  <TrackedMethodRefs>
                    <TrackedMethodRef uid="4" vc="1" />
                  </TrackedMethodRefs>
                </SequencePoint>
                <SequencePoint vc="1" uspid="132" ordinal="8" offset="110" sl="23" sc="13" el="23" ec="50" bec="0" bev="0" fileid="6">
                  <TrackedMethodRefs>
                    <TrackedMethodRef uid="4" vc="1" />
                  </TrackedMethodRefs>
                </SequencePoint>
                <SequencePoint vc="1" uspid="133" ordinal="9" offset="124" sl="24" sc="13" el="24" ec="36" bec="0" bev="0" fileid="6">
                  <TrackedMethodRefs>
                    <TrackedMethodRef uid="4" vc="1" />
                  </TrackedMethodRefs>
                </SequencePoint>
                <SequencePoint vc="1" uspid="134" ordinal="10" offset="137" sl="25" sc="9" el="25" ec="10" bec="0" bev="0" fileid="6">
                  <TrackedMethodRefs>
                    <TrackedMethodRef uid="4" vc="1" />
                  </TrackedMethodRefs>
                </SequencePoint>
              </SequencePoints>
              <BranchPoints />
              <MethodPoint xsi:type="SequencePoint" vc="1" uspid="124" ordinal="0" offset="0" sl="14" sc="9" el="14" ec="10" bec="0" bev="0" fileid="6">
                <TrackedMethodRefs>
                  <TrackedMethodRef uid="4" vc="1" />
                </TrackedMethodRefs>
              </MethodPoint>
            </Method>
            <Method visited="true" cyclomaticComplexity="1" nPathComplexity="0" sequenceCoverage="100" branchCoverage="100" crapScore="1" isConstructor="false" isStatic="false" isGetter="false" isSetter="false">
              <Summary numSequencePoints="4" visitedSequencePoints="4" numBranchPoints="1" visitedBranchPoints="1" sequenceCoverage="100" branchCoverage="100" maxCyclomaticComplexity="1" minCyclomaticComplexity="1" maxCrapScore="1" minCrapScore="1" visitedClasses="0" numClasses="0" visitedMethods="1" numMethods="1" />
              <MetadataToken>100663317</MetadataToken>
              <Name>Company.BusinessLogic.Services.EmployeeService IntegrationTests.Services.EmployeeServiceTest::GetEmployeeServiceInstance()</Name>
              <FileRef uid="6" />
              <SequencePoints>
                <SequencePoint vc="1" uspid="135" ordinal="0" offset="0" sl="28" sc="9" el="28" ec="10" bec="0" bev="0" fileid="6">
                  <TrackedMethodRefs>
                    <TrackedMethodRef uid="4" vc="1" />
                  </TrackedMethodRefs>
                </SequencePoint>
                <SequencePoint vc="1" uspid="136" ordinal="1" offset="1" sl="29" sc="13" el="29" ec="50" bec="0" bev="0" fileid="6">
                  <TrackedMethodRefs>
                    <TrackedMethodRef uid="4" vc="1" />
                  </TrackedMethodRefs>
                </SequencePoint>
                <SequencePoint vc="1" uspid="137" ordinal="2" offset="7" sl="30" sc="13" el="30" ec="49" bec="0" bev="0" fileid="6">
                  <TrackedMethodRefs>
                    <TrackedMethodRef uid="4" vc="1" />
                  </TrackedMethodRefs>
                </SequencePoint>
                <SequencePoint vc="1" uspid="138" ordinal="3" offset="16" sl="31" sc="9" el="31" ec="10" bec="0" bev="0" fileid="6">
                  <TrackedMethodRefs>
                    <TrackedMethodRef uid="4" vc="1" />
                  </TrackedMethodRefs>
                </SequencePoint>
              </SequencePoints>
              <BranchPoints />
              <MethodPoint xsi:type="SequencePoint" vc="1" uspid="135" ordinal="0" offset="0" sl="28" sc="9" el="28" ec="10" bec="0" bev="0" fileid="6">
                <TrackedMethodRefs>
                  <TrackedMethodRef uid="4" vc="1" />
                </TrackedMethodRefs>
              </MethodPoint>
            </Method>
            <Method visited="false" cyclomaticComplexity="1" nPathComplexity="0" sequenceCoverage="0" branchCoverage="0" crapScore="2" isConstructor="true" isStatic="false" isGetter="false" isSetter="false">
              <Summary numSequencePoints="0" visitedSequencePoints="0" numBranchPoints="0" visitedBranchPoints="0" sequenceCoverage="0" branchCoverage="0" maxCyclomaticComplexity="1" minCyclomaticComplexity="1" maxCrapScore="2" minCrapScore="2" visitedClasses="0" numClasses="0" visitedMethods="0" numMethods="0" />
              <MetadataToken>100663318</MetadataToken>
              <Name>System.Void IntegrationTests.Services.EmployeeServiceTest::.ctor()</Name>
              <SequencePoints />
              <BranchPoints />
              <MethodPoint vc="0" uspid="139" ordinal="0" offset="0" />
            </Method>
          </Methods>
        </Class>
      </Classes>
      <TrackedMethods>
        <TrackedMethod uid="1" token="100663310" name="System.Void IntegrationTests.Services.DepartmentServiceTest::CanCreateDepartment()" strategy="NUnitTest" />
        <TrackedMethod uid="2" token="100663311" name="System.Void IntegrationTests.Services.DepartmentServiceTest::CanAddEmployeeToDepartment()" strategy="NUnitTest" />
        <TrackedMethod uid="3" token="100663312" name="System.Void IntegrationTests.Services.DepartmentServiceTest::CannotAddSameEmployeeMultipleTimes()" strategy="NUnitTest" />
        <TrackedMethod uid="4" token="100663316" name="System.Void IntegrationTests.Services.EmployeeServiceTest::CanCreateEmployee()" strategy="NUnitTest" />
      </TrackedMethods>
    </Module>
    <Module hash="7C-47-EB-5F-44-6F-C9-42-EE-7C-E8-CC-D6-24-95-80-4E-CD-EA-09">
      <Summary numSequencePoints="42" visitedSequencePoints="37" numBranchPoints="14" visitedBranchPoints="12" sequenceCoverage="88.10" branchCoverage="85.71" maxCyclomaticComplexity="2" minCyclomaticComplexity="1" maxCrapScore="2" minCrapScore="1" visitedClasses="6" numClasses="6" visitedMethods="10" numMethods="12" />
      <ModulePath>D:\Work\Test Projects\IntegrationTestSolution\IntegrationTests\bin\Debug\Company.Data.dll</ModulePath>
      <ModuleTime>2018-02-09T14:57:54.8753367Z</ModuleTime>
      <ModuleName>Company.Data</ModuleName>
      <Files>
        <File uid="13" fullPath="D:\Work\Test Projects\IntegrationTestSolution\Data\CompanyDBContext.cs" />
        <File uid="14" fullPath="D:\Work\Test Projects\IntegrationTestSolution\Data\Migrations\CompanyDBConfiguration.cs" />
        <File uid="15" fullPath="D:\Work\Test Projects\IntegrationTestSolution\Data\Exceptions\Exceptions.cs" />
        <File uid="16" fullPath="D:\Work\Test Projects\IntegrationTestSolution\Data\Entities\Department.cs" />
        <File uid="18" fullPath="D:\Work\Test Projects\IntegrationTestSolution\Data\Entities\Employee.cs" />
      </Files>
      <Classes>
        <Class>
          <Summary numSequencePoints="13" visitedSequencePoints="10" numBranchPoints="3" visitedBranchPoints="2" sequenceCoverage="76.92" branchCoverage="66.67" maxCyclomaticComplexity="1" minCyclomaticComplexity="1" maxCrapScore="2" minCrapScore="1" visitedClasses="1" numClasses="1" visitedMethods="2" numMethods="3" />
          <FullName>Company.Data.CompanyDBContext</FullName>
          <Methods>
            <Method skippedDueTo="AutoImplementedProperty" visited="false" cyclomaticComplexity="1" nPathComplexity="0" sequenceCoverage="0" branchCoverage="0" crapScore="0" isConstructor="false" isStatic="false" isGetter="true" isSetter="false">
              <MetadataToken>100663299</MetadataToken>
              <Name>System.Data.Entity.DbSet`1&lt;Company.Data.Entities.Employee&gt; Company.Data.CompanyDBContext::get_Employees()</Name>
              <FileRef uid="13" />
              <SequencePoints />
              <BranchPoints />
            </Method>
            <Method skippedDueTo="AutoImplementedProperty" visited="false" cyclomaticComplexity="1" nPathComplexity="0" sequenceCoverage="0" branchCoverage="0" crapScore="0" isConstructor="false" isStatic="false" isGetter="false" isSetter="true">
              <MetadataToken>100663300</MetadataToken>
              <Name>System.Void Company.Data.CompanyDBContext::set_Employees(System.Data.Entity.DbSet`1&lt;Company.Data.Entities.Employee&gt;)</Name>
              <FileRef uid="13" />
              <SequencePoints />
              <BranchPoints />
            </Method>
            <Method skippedDueTo="AutoImplementedProperty" visited="false" cyclomaticComplexity="1" nPathComplexity="0" sequenceCoverage="0" branchCoverage="0" crapScore="0" isConstructor="false" isStatic="false" isGetter="true" isSetter="false">
              <MetadataToken>100663301</MetadataToken>
              <Name>System.Data.Entity.DbSet`1&lt;Company.Data.Entities.Department&gt; Company.Data.CompanyDBContext::get_Departments()</Name>
              <FileRef uid="13" />
              <SequencePoints />
              <BranchPoints />
            </Method>
            <Method skippedDueTo="AutoImplementedProperty" visited="false" cyclomaticComplexity="1" nPathComplexity="0" sequenceCoverage="0" branchCoverage="0" crapScore="0" isConstructor="false" isStatic="false" isGetter="false" isSetter="true">
              <MetadataToken>100663302</MetadataToken>
              <Name>System.Void Company.Data.CompanyDBContext::set_Departments(System.Data.Entity.DbSet`1&lt;Company.Data.Entities.Department&gt;)</Name>
              <FileRef uid="13" />
              <SequencePoints />
              <BranchPoints />
            </Method>
            <Method visited="true" cyclomaticComplexity="1" nPathComplexity="0" sequenceCoverage="100" branchCoverage="100" crapScore="1" isConstructor="true" isStatic="false" isGetter="false" isSetter="false">
              <Summary numSequencePoints="3" visitedSequencePoints="3" numBranchPoints="1" visitedBranchPoints="1" sequenceCoverage="100" branchCoverage="100" maxCyclomaticComplexity="1" minCyclomaticComplexity="1" maxCrapScore="1" minCrapScore="1" visitedClasses="0" numClasses="0" visitedMethods="1" numMethods="1" />
              <MetadataToken>100663297</MetadataToken>
              <Name>System.Void Company.Data.CompanyDBContext::.ctor()</Name>
              <FileRef uid="13" />
              <SequencePoints>
                <SequencePoint vc="4" uspid="140" ordinal="0" offset="0" sl="10" sc="37" el="10" ec="43" bec="0" bev="0" fileid="13">
                  <TrackedMethodRefs>
                    <TrackedMethodRef uid="2" vc="1" />
                    <TrackedMethodRef uid="1" vc="1" />
                    <TrackedMethodRef uid="3" vc="1" />
                    <TrackedMethodRef uid="4" vc="1" />
                  </TrackedMethodRefs>
                </SequencePoint>
                <SequencePoint vc="4" uspid="141" ordinal="1" offset="7" sl="10" sc="44" el="10" ec="45" bec="0" bev="0" fileid="13">
                  <TrackedMethodRefs>
                    <TrackedMethodRef uid="2" vc="1" />
                    <TrackedMethodRef uid="1" vc="1" />
                    <TrackedMethodRef uid="3" vc="1" />
                    <TrackedMethodRef uid="4" vc="1" />
                  </TrackedMethodRefs>
                </SequencePoint>
                <SequencePoint vc="4" uspid="142" ordinal="2" offset="8" sl="10" sc="46" el="10" ec="47" bec="0" bev="0" fileid="13">
                  <TrackedMethodRefs>
                    <TrackedMethodRef uid="2" vc="1" />
                    <TrackedMethodRef uid="1" vc="1" />
                    <TrackedMethodRef uid="3" vc="1" />
                    <TrackedMethodRef uid="4" vc="1" />
                  </TrackedMethodRefs>
                </SequencePoint>
              </SequencePoints>
              <BranchPoints />
              <MethodPoint xsi:type="SequencePoint" vc="4" uspid="140" ordinal="0" offset="0" sl="10" sc="37" el="10" ec="43" bec="0" bev="0" fileid="13">
                <TrackedMethodRefs>
                  <TrackedMethodRef uid="2" vc="1" />
                  <TrackedMethodRef uid="1" vc="1" />
                  <TrackedMethodRef uid="3" vc="1" />
                  <TrackedMethodRef uid="4" vc="1" />
                </TrackedMethodRefs>
              </MethodPoint>
            </Method>
            <Method visited="false" cyclomaticComplexity="1" nPathComplexity="0" sequenceCoverage="0" branchCoverage="0" crapScore="2" isConstructor="true" isStatic="false" isGetter="false" isSetter="false">
              <Summary numSequencePoints="3" visitedSequencePoints="0" numBranchPoints="1" visitedBranchPoints="0" sequenceCoverage="0" branchCoverage="0" maxCyclomaticComplexity="1" minCyclomaticComplexity="1" maxCrapScore="2" minCrapScore="2" visitedClasses="0" numClasses="0" visitedMethods="0" numMethods="1" />
              <MetadataToken>100663298</MetadataToken>
              <Name>System.Void Company.Data.CompanyDBContext::.ctor(System.String)</Name>
              <FileRef uid="13" />
              <SequencePoints>
                <SequencePoint vc="0" uspid="143" ordinal="0" offset="0" sl="12" sc="66" el="12" ec="94" bec="0" bev="0" fileid="13" />
                <SequencePoint vc="0" uspid="144" ordinal="1" offset="8" sl="12" sc="95" el="12" ec="96" bec="0" bev="0" fileid="13" />
                <SequencePoint vc="0" uspid="145" ordinal="2" offset="9" sl="12" sc="97" el="12" ec="98" bec="0" bev="0" fileid="13" />
              </SequencePoints>
              <BranchPoints />
              <MethodPoint xsi:type="SequencePoint" vc="0" uspid="143" ordinal="0" offset="0" sl="12" sc="66" el="12" ec="94" bec="0" bev="0" fileid="13" />
            </Method>
            <Method visited="true" cyclomaticComplexity="1" nPathComplexity="0" sequenceCoverage="100" branchCoverage="100" crapScore="1" isConstructor="false" isStatic="false" isGetter="false" isSetter="false">
              <Summary numSequencePoints="7" visitedSequencePoints="7" numBranchPoints="1" visitedBranchPoints="1" sequenceCoverage="100" branchCoverage="100" maxCyclomaticComplexity="1" minCyclomaticComplexity="1" maxCrapScore="1" minCrapScore="1" visitedClasses="0" numClasses="0" visitedMethods="1" numMethods="1" />
              <MetadataToken>100663303</MetadataToken>
              <Name>System.Void Company.Data.CompanyDBContext::OnModelCreating(System.Data.Entity.DbModelBuilder)</Name>
              <FileRef uid="13" />
              <SequencePoints>
                <SequencePoint vc="1" uspid="146" ordinal="0" offset="0" sl="18" sc="9" el="18" ec="10" bec="0" bev="0" fileid="13">
                  <TrackedMethodRefs>
                    <TrackedMethodRef uid="2" vc="1" />
                  </TrackedMethodRefs>
                </SequencePoint>
                <SequencePoint vc="1" uspid="147" ordinal="1" offset="1" sl="21" sc="13" el="27" ec="23" bec="0" bev="0" fileid="13">
                  <TrackedMethodRefs>
                    <TrackedMethodRef uid="2" vc="1" />
                  </TrackedMethodRefs>
                </SequencePoint>
                <SequencePoint vc="1" uspid="148" ordinal="2" offset="120" sl="32" sc="13" el="35" ec="35" bec="0" bev="0" fileid="13">
                  <TrackedMethodRefs>
                    <TrackedMethodRef uid="2" vc="1" />
                  </TrackedMethodRefs>
                </SequencePoint>
                <SequencePoint vc="1" uspid="149" ordinal="3" offset="206" sl="37" sc="13" el="40" ec="35" bec="0" bev="0" fileid="13">
                  <TrackedMethodRefs>
                    <TrackedMethodRef uid="2" vc="1" />
                  </TrackedMethodRefs>
                </SequencePoint>
                <SequencePoint vc="1" uspid="150" ordinal="4" offset="292" sl="42" sc="13" el="48" ec="23" bec="0" bev="0" fileid="13">
                  <TrackedMethodRefs>
                    <TrackedMethodRef uid="2" vc="1" />
                  </TrackedMethodRefs>
                </SequencePoint>
                <SequencePoint vc="1" uspid="151" ordinal="5" offset="411" sl="52" sc="13" el="52" ec="48" bec="0" bev="0" fileid="13">
                  <TrackedMethodRefs>
                    <TrackedMethodRef uid="2" vc="1" />
                  </TrackedMethodRefs>
                </SequencePoint>
                <SequencePoint vc="1" uspid="152" ordinal="6" offset="419" sl="53" sc="9" el="53" ec="10" bec="0" bev="0" fileid="13">
                  <TrackedMethodRefs>
                    <TrackedMethodRef uid="2" vc="1" />
                  </TrackedMethodRefs>
                </SequencePoint>
              </SequencePoints>
              <BranchPoints />
              <MethodPoint xsi:type="SequencePoint" vc="1" uspid="146" ordinal="0" offset="0" sl="18" sc="9" el="18" ec="10" bec="0" bev="0" fileid="13">
                <TrackedMethodRefs>
                  <TrackedMethodRef uid="2" vc="1" />
                </TrackedMethodRefs>
              </MethodPoint>
            </Method>
          </Methods>
        </Class>
        <Class>
          <Summary numSequencePoints="6" visitedSequencePoints="4" numBranchPoints="2" visitedBranchPoints="1" sequenceCoverage="66.67" branchCoverage="50" maxCyclomaticComplexity="1" minCyclomaticComplexity="1" maxCrapScore="2" minCrapScore="1" visitedClasses="1" numClasses="1" visitedMethods="1" numMethods="2" />
          <FullName>Company.Data.Migrations.CompanyDBConfiguration</FullName>
          <Methods>
            <Method visited="true" cyclomaticComplexity="1" nPathComplexity="0" sequenceCoverage="100" branchCoverage="100" crapScore="1" isConstructor="true" isStatic="false" isGetter="false" isSetter="false">
              <Summary numSequencePoints="4" visitedSequencePoints="4" numBranchPoints="1" visitedBranchPoints="1" sequenceCoverage="100" branchCoverage="100" maxCyclomaticComplexity="1" minCyclomaticComplexity="1" maxCrapScore="1" minCrapScore="1" visitedClasses="0" numClasses="0" visitedMethods="1" numMethods="1" />
              <MetadataToken>100663304</MetadataToken>
              <Name>System.Void Company.Data.Migrations.CompanyDBConfiguration::.ctor()</Name>
              <FileRef uid="14" />
              <SequencePoints>
                <SequencePoint vc="1" uspid="153" ordinal="0" offset="0" sl="10" sc="9" el="10" ec="40" bec="0" bev="0" fileid="14">
                  <TrackedMethodRefs>
                    <TrackedMethodRef uid="2" vc="1" />
                  </TrackedMethodRefs>
                </SequencePoint>
                <SequencePoint vc="1" uspid="154" ordinal="1" offset="7" sl="11" sc="9" el="11" ec="10" bec="0" bev="0" fileid="14">
                  <TrackedMethodRefs>
                    <TrackedMethodRef uid="2" vc="1" />
                  </TrackedMethodRefs>
                </SequencePoint>
                <SequencePoint vc="1" uspid="155" ordinal="2" offset="8" sl="12" sc="13" el="12" ec="47" bec="0" bev="0" fileid="14">
                  <TrackedMethodRefs>
                    <TrackedMethodRef uid="2" vc="1" />
                  </TrackedMethodRefs>
                </SequencePoint>
                <SequencePoint vc="1" uspid="156" ordinal="3" offset="16" sl="13" sc="9" el="13" ec="10" bec="0" bev="0" fileid="14">
                  <TrackedMethodRefs>
                    <TrackedMethodRef uid="2" vc="1" />
                  </TrackedMethodRefs>
                </SequencePoint>
              </SequencePoints>
              <BranchPoints />
              <MethodPoint xsi:type="SequencePoint" vc="1" uspid="153" ordinal="0" offset="0" sl="10" sc="9" el="10" ec="40" bec="0" bev="0" fileid="14">
                <TrackedMethodRefs>
                  <TrackedMethodRef uid="2" vc="1" />
                </TrackedMethodRefs>
              </MethodPoint>
            </Method>
            <Method visited="false" cyclomaticComplexity="1" nPathComplexity="0" sequenceCoverage="0" branchCoverage="0" crapScore="2" isConstructor="false" isStatic="false" isGetter="false" isSetter="false">
              <Summary numSequencePoints="2" visitedSequencePoints="0" numBranchPoints="1" visitedBranchPoints="0" sequenceCoverage="0" branchCoverage="0" maxCyclomaticComplexity="1" minCyclomaticComplexity="1" maxCrapScore="2" minCrapScore="2" visitedClasses="0" numClasses="0" visitedMethods="0" numMethods="1" />
              <MetadataToken>100663305</MetadataToken>
              <Name>System.Void Company.Data.Migrations.CompanyDBConfiguration::Seed(Company.Data.CompanyDBContext)</Name>
              <FileRef uid="14" />
              <SequencePoints>
                <SequencePoint vc="0" uspid="157" ordinal="0" offset="0" sl="16" sc="9" el="16" ec="10" bec="0" bev="0" fileid="14" />
                <SequencePoint vc="0" uspid="158" ordinal="1" offset="1" sl="21" sc="9" el="21" ec="10" bec="0" bev="0" fileid="14" />
              </SequencePoints>
              <BranchPoints />
              <MethodPoint xsi:type="SequencePoint" vc="0" uspid="157" ordinal="0" offset="0" sl="16" sc="9" el="16" ec="10" bec="0" bev="0" fileid="14" />
            </Method>
          </Methods>
        </Class>
        <Class>
          <Summary numSequencePoints="3" visitedSequencePoints="3" numBranchPoints="1" visitedBranchPoints="1" sequenceCoverage="100" branchCoverage="100" maxCyclomaticComplexity="1" minCyclomaticComplexity="1" maxCrapScore="1" minCrapScore="1" visitedClasses="1" numClasses="1" visitedMethods="1" numMethods="1" />
          <FullName>Company.Data.Exceptions.EmployeeExistsException</FullName>
          <Methods>
            <Method visited="true" cyclomaticComplexity="1" nPathComplexity="0" sequenceCoverage="100" branchCoverage="100" crapScore="1" isConstructor="true" isStatic="false" isGetter="false" isSetter="false">
              <Summary numSequencePoints="3" visitedSequencePoints="3" numBranchPoints="1" visitedBranchPoints="1" sequenceCoverage="100" branchCoverage="100" maxCyclomaticComplexity="1" minCyclomaticComplexity="1" maxCrapScore="1" minCrapScore="1" visitedClasses="0" numClasses="0" visitedMethods="1" numMethods="1" />
              <MetadataToken>100663306</MetadataToken>
              <Name>System.Void Company.Data.Exceptions.EmployeeExistsException::.ctor(System.String)</Name>
              <FileRef uid="15" />
              <SequencePoints>
                <SequencePoint vc="1" uspid="159" ordinal="0" offset="0" sl="9" sc="54" el="9" ec="63" bec="0" bev="0" fileid="15">
                  <TrackedMethodRefs>
                    <TrackedMethodRef uid="3" vc="1" />
                  </TrackedMethodRefs>
                </SequencePoint>
                <SequencePoint vc="1" uspid="160" ordinal="1" offset="8" sl="9" sc="64" el="9" ec="65" bec="0" bev="0" fileid="15">
                  <TrackedMethodRefs>
                    <TrackedMethodRef uid="3" vc="1" />
                  </TrackedMethodRefs>
                </SequencePoint>
                <SequencePoint vc="1" uspid="161" ordinal="2" offset="9" sl="9" sc="66" el="9" ec="67" bec="0" bev="0" fileid="15">
                  <TrackedMethodRefs>
                    <TrackedMethodRef uid="3" vc="1" />
                  </TrackedMethodRefs>
                </SequencePoint>
              </SequencePoints>
              <BranchPoints />
              <MethodPoint xsi:type="SequencePoint" vc="1" uspid="159" ordinal="0" offset="0" sl="9" sc="54" el="9" ec="63" bec="0" bev="0" fileid="15">
                <TrackedMethodRefs>
                  <TrackedMethodRef uid="3" vc="1" />
                </TrackedMethodRefs>
              </MethodPoint>
            </Method>
          </Methods>
        </Class>
        <Class>
          <Summary numSequencePoints="13" visitedSequencePoints="13" numBranchPoints="5" visitedBranchPoints="5" sequenceCoverage="100" branchCoverage="100" maxCyclomaticComplexity="2" minCyclomaticComplexity="1" maxCrapScore="2" minCrapScore="1" visitedClasses="1" numClasses="1" visitedMethods="3" numMethods="3" />
          <FullName>Company.Data.Entities.Department</FullName>
          <Methods>
            <Method skippedDueTo="AutoImplementedProperty" visited="false" cyclomaticComplexity="1" nPathComplexity="0" sequenceCoverage="0" branchCoverage="0" crapScore="0" isConstructor="false" isStatic="false" isGetter="true" isSetter="false">
              <MetadataToken>100663307</MetadataToken>
              <Name>System.Int64 Company.Data.Entities.Department::get_Id()</Name>
              <FileRef uid="16" />
              <SequencePoints />
              <BranchPoints />
            </Method>
            <Method skippedDueTo="AutoImplementedProperty" visited="false" cyclomaticComplexity="1" nPathComplexity="0" sequenceCoverage="0" branchCoverage="0" crapScore="0" isConstructor="false" isStatic="false" isGetter="false" isSetter="true">
              <MetadataToken>100663308</MetadataToken>
              <Name>System.Void Company.Data.Entities.Department::set_Id(System.Int64)</Name>
              <FileRef uid="16" />
              <SequencePoints />
              <BranchPoints />
            </Method>
            <Method skippedDueTo="AutoImplementedProperty" visited="false" cyclomaticComplexity="1" nPathComplexity="0" sequenceCoverage="0" branchCoverage="0" crapScore="0" isConstructor="false" isStatic="false" isGetter="true" isSetter="false">
              <MetadataToken>100663309</MetadataToken>
              <Name>System.String Company.Data.Entities.Department::get_Name()</Name>
              <FileRef uid="16" />
              <SequencePoints />
              <BranchPoints />
            </Method>
            <Method skippedDueTo="AutoImplementedProperty" visited="false" cyclomaticComplexity="1" nPathComplexity="0" sequenceCoverage="0" branchCoverage="0" crapScore="0" isConstructor="false" isStatic="false" isGetter="false" isSetter="true">
              <MetadataToken>100663310</MetadataToken>
              <Name>System.Void Company.Data.Entities.Department::set_Name(System.String)</Name>
              <FileRef uid="16" />
              <SequencePoints />
              <BranchPoints />
            </Method>
            <Method skippedDueTo="AutoImplementedProperty" visited="false" cyclomaticComplexity="1" nPathComplexity="0" sequenceCoverage="0" branchCoverage="0" crapScore="0" isConstructor="false" isStatic="false" isGetter="true" isSetter="false">
              <MetadataToken>100663311</MetadataToken>
              <Name>System.String Company.Data.Entities.Department::get_Description()</Name>
              <FileRef uid="16" />
              <SequencePoints />
              <BranchPoints />
            </Method>
            <Method skippedDueTo="AutoImplementedProperty" visited="false" cyclomaticComplexity="1" nPathComplexity="0" sequenceCoverage="0" branchCoverage="0" crapScore="0" isConstructor="false" isStatic="false" isGetter="false" isSetter="true">
              <MetadataToken>100663312</MetadataToken>
              <Name>System.Void Company.Data.Entities.Department::set_Description(System.String)</Name>
[...]
                    <TrackedMethodRef uid="1" vc="1" />
                    <TrackedMethodRef uid="3" vc="1" />
                  </TrackedMethodRefs>
                </SequencePoint>
                <SequencePoint vc="3" uspid="165" ordinal="3" offset="19" sl="17" sc="9" el="17" ec="10" bec="0" bev="0" fileid="16">
                  <TrackedMethodRefs>
                    <TrackedMethodRef uid="2" vc="1" />
                    <TrackedMethodRef uid="1" vc="1" />
                    <TrackedMethodRef uid="3" vc="1" />
                  </TrackedMethodRefs>
                </SequencePoint>
              </SequencePoints>
              <BranchPoints />
              <MethodPoint xsi:type="SequencePoint" vc="3" uspid="162" ordinal="0" offset="0" sl="14" sc="9" el="14" ec="29" bec="0" bev="0" fileid="16">
                <TrackedMethodRefs>
                  <TrackedMethodRef uid="2" vc="1" />
                  <TrackedMethodRef uid="1" vc="1" />
                  <TrackedMethodRef uid="3" vc="1" />
                </TrackedMethodRefs>
              </MethodPoint>
            </Method>
            <Method visited="true" cyclomaticComplexity="1" nPathComplexity="0" sequenceCoverage="100" branchCoverage="100" crapScore="1" isConstructor="false" isStatic="true" isGetter="false" isSetter="false">
              <Summary numSequencePoints="3" visitedSequencePoints="3" numBranchPoints="1" visitedBranchPoints="1" sequenceCoverage="100" branchCoverage="100" maxCyclomaticComplexity="1" minCyclomaticComplexity="1" maxCrapScore="1" minCrapScore="1" visitedClasses="0" numClasses="0" visitedMethods="1" numMethods="1" />
              <MetadataToken>100663315</MetadataToken>
              <Name>Company.Data.Entities.Department Company.Data.Entities.Department::Create(System.String,System.String)</Name>
              <FileRef uid="16" />
              <SequencePoints>
                <SequencePoint vc="3" uspid="166" ordinal="0" offset="0" sl="20" sc="9" el="20" ec="10" bec="0" bev="0" fileid="16">
                  <TrackedMethodRefs>
                    <TrackedMethodRef uid="2" vc="1" />
                    <TrackedMethodRef uid="1" vc="1" />
                    <TrackedMethodRef uid="3" vc="1" />
                  </TrackedMethodRefs>
                </SequencePoint>
                <SequencePoint vc="3" uspid="167" ordinal="1" offset="1" sl="21" sc="13" el="25" ec="15" bec="0" bev="0" fileid="16">
                  <TrackedMethodRefs>
                    <TrackedMethodRef uid="2" vc="1" />
                    <TrackedMethodRef uid="1" vc="1" />
                    <TrackedMethodRef uid="3" vc="1" />
                  </TrackedMethodRefs>
                </SequencePoint>
                <SequencePoint vc="3" uspid="168" ordinal="2" offset="25" sl="26" sc="9" el="26" ec="10" bec="0" bev="0" fileid="16">
                  <TrackedMethodRefs>
                    <TrackedMethodRef uid="2" vc="1" />
                    <TrackedMethodRef uid="1" vc="1" />
                    <TrackedMethodRef uid="3" vc="1" />
                  </TrackedMethodRefs>
                </SequencePoint>
              </SequencePoints>
              <BranchPoints />
              <MethodPoint xsi:type="SequencePoint" vc="3" uspid="166" ordinal="0" offset="0" sl="20" sc="9" el="20" ec="10" bec="0" bev="0" fileid="16">
                <TrackedMethodRefs>
                  <TrackedMethodRef uid="2" vc="1" />
                  <TrackedMethodRef uid="1" vc="1" />
                  <TrackedMethodRef uid="3" vc="1" />
                </TrackedMethodRefs>
              </MethodPoint>
            </Method>
            <Method visited="true" cyclomaticComplexity="2" nPathComplexity="2" sequenceCoverage="100" branchCoverage="100" crapScore="2" isConstructor="false" isStatic="false" isGetter="false" isSetter="false">
              <Summary numSequencePoints="6" visitedSequencePoints="6" numBranchPoints="3" visitedBranchPoints="3" sequenceCoverage="100" branchCoverage="100" maxCyclomaticComplexity="2" minCyclomaticComplexity="2" maxCrapScore="2" minCrapScore="2" visitedClasses="0" numClasses="0" visitedMethods="1" numMethods="1" />
              <MetadataToken>100663316</MetadataToken>
              <Name>System.Void Company.Data.Entities.Department::AddEmployee(Company.Data.Entities.Employee)</Name>
              <FileRef uid="16" />
              <SequencePoints>
                <SequencePoint vc="3" uspid="169" ordinal="0" offset="13" sl="29" sc="9" el="29" ec="10" bec="0" bev="0" fileid="16">
                  <TrackedMethodRefs>
                    <TrackedMethodRef uid="2" vc="1" />
                    <TrackedMethodRef uid="3" vc="2" />
                  </TrackedMethodRefs>
                </SequencePoint>
                <SequencePoint vc="3" uspid="170" ordinal="1" offset="14" sl="30" sc="13" el="30" ec="63" bec="2" bev="2" fileid="16">
                  <TrackedMethodRefs>
                    <TrackedMethodRef uid="2" vc="1" />
                    <TrackedMethodRef uid="3" vc="2" />
                  </TrackedMethodRefs>
                </SequencePoint>
                <SequencePoint vc="1" uspid="171" ordinal="2" offset="41" sl="31" sc="13" el="31" ec="14" bec="0" bev="0" fileid="16">
                  <TrackedMethodRefs>
                    <TrackedMethodRef uid="3" vc="1" />
                  </TrackedMethodRefs>
                </SequencePoint>
                <SequencePoint vc="1" uspid="172" ordinal="3" offset="42" sl="32" sc="17" el="32" ec="91" bec="0" bev="0" fileid="16">
                  <TrackedMethodRefs>
                    <TrackedMethodRef uid="3" vc="1" />
                  </TrackedMethodRefs>
                </SequencePoint>
                <SequencePoint vc="2" uspid="173" ordinal="4" offset="53" sl="34" sc="13" el="34" ec="37" bec="0" bev="0" fileid="16">
                  <TrackedMethodRefs>
                    <TrackedMethodRef uid="2" vc="1" />
                    <TrackedMethodRef uid="3" vc="1" />
                  </TrackedMethodRefs>
                </SequencePoint>
                <SequencePoint vc="2" uspid="174" ordinal="5" offset="71" sl="35" sc="9" el="35" ec="10" bec="0" bev="0" fileid="16">
                  <TrackedMethodRefs>
                    <TrackedMethodRef uid="2" vc="1" />
                    <TrackedMethodRef uid="3" vc="1" />
                  </TrackedMethodRefs>
                </SequencePoint>
              </SequencePoints>
              <BranchPoints>
                <BranchPoint vc="1" uspid="175" ordinal="0" offset="39" sl="30" path="0" offsetend="41" fileid="16">
                  <TrackedMethodRefs>
                    <TrackedMethodRef uid="3" vc="1" />
                  </TrackedMethodRefs>
                </BranchPoint>
                <BranchPoint vc="2" uspid="176" ordinal="1" offset="39" sl="30" path="1" offsetend="53" fileid="16">
                  <TrackedMethodRefs>
                    <TrackedMethodRef uid="2" vc="1" />
                    <TrackedMethodRef uid="3" vc="1" />
                  </TrackedMethodRefs>
                </BranchPoint>
              </BranchPoints>
              <MethodPoint vc="3" uspid="177" ordinal="0" offset="0">
                <TrackedMethodRefs>
                  <TrackedMethodRef uid="2" vc="1" />
                  <TrackedMethodRef uid="3" vc="2" />
                </TrackedMethodRefs>
              </MethodPoint>
            </Method>
          </Methods>
        </Class>
        <Class>
          <Summary numSequencePoints="1" visitedSequencePoints="1" numBranchPoints="1" visitedBranchPoints="1" sequenceCoverage="100" branchCoverage="100" maxCyclomaticComplexity="1" minCyclomaticComplexity="1" maxCrapScore="2" minCrapScore="1" visitedClasses="1" numClasses="1" visitedMethods="1" numMethods="1" />
          <FullName>Company.Data.Entities.Department/&lt;&gt;c__DisplayClass17_0</FullName>
          <Methods>
            <Method visited="false" cyclomaticComplexity="1" nPathComplexity="0" sequenceCoverage="0" branchCoverage="0" crapScore="2" isConstructor="true" isStatic="false" isGetter="false" isSetter="false">
              <Summary numSequencePoints="0" visitedSequencePoints="0" numBranchPoints="0" visitedBranchPoints="0" sequenceCoverage="0" branchCoverage="0" maxCyclomaticComplexity="1" minCyclomaticComplexity="1" maxCrapScore="2" minCrapScore="2" visitedClasses="0" numClasses="0" visitedMethods="0" numMethods="0" />
              <MetadataToken>100663327</MetadataToken>
              <Name>System.Void Company.Data.Entities.Department/&lt;&gt;c__DisplayClass17_0::.ctor()</Name>
              <SequencePoints />
              <BranchPoints />
              <MethodPoint vc="0" uspid="178" ordinal="0" offset="0" />
            </Method>
            <Method visited="true" cyclomaticComplexity="1" nPathComplexity="0" sequenceCoverage="100" branchCoverage="100" crapScore="1" isConstructor="false" isStatic="false" isGetter="false" isSetter="false">
              <Summary numSequencePoints="1" visitedSequencePoints="1" numBranchPoints="1" visitedBranchPoints="1" sequenceCoverage="100" branchCoverage="100" maxCyclomaticComplexity="1" minCyclomaticComplexity="1" maxCrapScore="1" minCrapScore="1" visitedClasses="0" numClasses="0" visitedMethods="1" numMethods="1" />
              <MetadataToken>100663328</MetadataToken>
              <Name>System.Boolean Company.Data.Entities.Department/&lt;&gt;c__DisplayClass17_0::&lt;AddEmployee&gt;b__0(Company.Data.Entities.Employee)</Name>
              <FileRef uid="16" />
              <SequencePoints>
                <SequencePoint vc="1" uspid="179" ordinal="0" offset="0" sl="30" sc="36" el="30" ec="61" bec="0" bev="0" fileid="16">
                  <TrackedMethodRefs>
                    <TrackedMethodRef uid="3" vc="1" />
                  </TrackedMethodRefs>
                </SequencePoint>
              </SequencePoints>
              <BranchPoints />
              <MethodPoint xsi:type="SequencePoint" vc="1" uspid="179" ordinal="0" offset="0" sl="30" sc="36" el="30" ec="61" bec="0" bev="0" fileid="16">
                <TrackedMethodRefs>
                  <TrackedMethodRef uid="3" vc="1" />
                </TrackedMethodRefs>
              </MethodPoint>
            </Method>
          </Methods>
        </Class>
        <Class>
          <Summary numSequencePoints="6" visitedSequencePoints="6" numBranchPoints="2" visitedBranchPoints="2" sequenceCoverage="100" branchCoverage="100" maxCyclomaticComplexity="1" minCyclomaticComplexity="1" maxCrapScore="1" minCrapScore="1" visitedClasses="1" numClasses="1" visitedMethods="2" numMethods="2" />
          <FullName>Company.Data.Entities.Employee</FullName>
          <Methods>
            <Method skippedDueTo="AutoImplementedProperty" visited="false" cyclomaticComplexity="1" nPathComplexity="0" sequenceCoverage="0" branchCoverage="0" crapScore="0" isConstructor="false" isStatic="false" isGetter="true" isSetter="false">
              <MetadataToken>100663317</MetadataToken>
              <Name>System.Int64 Company.Data.Entities.Employee::get_Id()</Name>
              <FileRef uid="18" />
              <SequencePoints />
              <BranchPoints />
            </Method>
            <Method skippedDueTo="AutoImplementedProperty" visited="false" cyclomaticComplexity="1" nPathComplexity="0" sequenceCoverage="0" branchCoverage="0" crapScore="0" isConstructor="false" isStatic="false" isGetter="false" isSetter="true">
              <MetadataToken>100663318</MetadataToken>
              <Name>System.Void Company.Data.Entities.Employee::set_Id(System.Int64)</Name>
              <FileRef uid="18" />
              <SequencePoints />
              <BranchPoints />
            </Method>
            <Method skippedDueTo="AutoImplementedProperty" visited="false" cyclomaticComplexity="1" nPathComplexity="0" sequenceCoverage="0" branchCoverage="0" crapScore="0" isConstructor="false" isStatic="false" isGetter="true" isSetter="false">
              <MetadataToken>100663319</MetadataToken>
              <Name>System.String Company.Data.Entities.Employee::get_FirstName()</Name>
              <FileRef uid="18" />
              <SequencePoints />
              <BranchPoints />
            </Method>
            <Method skippedDueTo="AutoImplementedProperty" visited="false" cyclomaticComplexity="1" nPathComplexity="0" sequenceCoverage="0" branchCoverage="0" crapScore="0" isConstructor="false" isStatic="false" isGetter="false" isSetter="true">
              <MetadataToken>100663320</MetadataToken>
              <Name>System.Void Company.Data.Entities.Employee::set_FirstName(System.String)</Name>
              <FileRef uid="18" />
              <SequencePoints />
              <BranchPoints />
            </Method>
            <Method skippedDueTo="AutoImplementedProperty" visited="false" cyclomaticComplexity="1" nPathComplexity="0" sequenceCoverage="0" branchCoverage="0" crapScore="0" isConstructor="false" isStatic="false" isGetter="true" isSetter="false">
              <MetadataToken>100663321</MetadataToken>
              <Name>System.String Company.Data.Entities.Employee::get_LastName()</Name>
              <FileRef uid="18" />
              <SequencePoints />
              <BranchPoints />
            </Method>
            <Method skippedDueTo="AutoImplementedProperty" visited="false" cyclomaticComplexity="1" nPathComplexity="0" sequenceCoverage="0" branchCoverage="0" crapScore="0" isConstructor="false" isStatic="false" isGetter="false" isSetter="true">
              <MetadataToken>100663322</MetadataToken>
              <Name>System.Void Company.Data.Entities.Employee::set_LastName(System.String)</Name>
              <FileRef uid="18" />
              <SequencePoints />
              <BranchPoints />
            </Method>
            <Method skippedDueTo="AutoImplementedProperty" visited="false" cyclomaticComplexity="1" nPathComplexity="0" sequenceCoverage="0" branchCoverage="0" crapScore="0" isConstructor="false" isStatic="false" isGetter="true" isSetter="false">
              <MetadataToken>100663323</MetadataToken>
              <Name>System.String Company.Data.Entities.Employee::get_Email()</Name>
              <FileRef uid="18" />
              <SequencePoints />
              <BranchPoints />
            </Method>
            <Method skippedDueTo="AutoImplementedProperty" visited="false" cyclomaticComplexity="1" nPathComplexity="0" sequenceCoverage="0" branchCoverage="0" crapScore="0" isConstructor="false" isStatic="false" isGetter="false" isSetter="true">
              <MetadataToken>100663324</MetadataToken>
              <Name>System.Void Company.Data.Entities.Employee::set_Email(System.String)</Name>
              <FileRef uid="18" />
              <SequencePoints />
              <BranchPoints />
            </Method>
            <Method visited="true" cyclomaticComplexity="1" nPathComplexity="0" sequenceCoverage="100" branchCoverage="100" crapScore="1" isConstructor="true" isStatic="false" isGetter="false" isSetter="false">
              <Summary numSequencePoints="3" visitedSequencePoints="3" numBranchPoints="1" visitedBranchPoints="1" sequenceCoverage="100" branchCoverage="100" maxCyclomaticComplexity="1" minCyclomaticComplexity="1" maxCrapScore="1" minCrapScore="1" visitedClasses="0" numClasses="0" visitedMethods="1" numMethods="1" />
              <MetadataToken>100663325</MetadataToken>
              <Name>System.Void Company.Data.Entities.Employee::.ctor()</Name>
              <FileRef uid="18" />
              <SequencePoints>
                <SequencePoint vc="3" uspid="180" ordinal="0" offset="0" sl="10" sc="9" el="10" ec="27" bec="0" bev="0" fileid="18">
                  <TrackedMethodRefs>
                    <TrackedMethodRef uid="2" vc="1" />
                    <TrackedMethodRef uid="3" vc="1" />
                    <TrackedMethodRef uid="4" vc="1" />
                  </TrackedMethodRefs>
                </SequencePoint>
                <SequencePoint vc="3" uspid="181" ordinal="1" offset="7" sl="10" sc="28" el="10" ec="29" bec="0" bev="0" fileid="18">
                  <TrackedMethodRefs>
                    <TrackedMethodRef uid="2" vc="1" />
                    <TrackedMethodRef uid="3" vc="1" />
                    <TrackedMethodRef uid="4" vc="1" />
                  </TrackedMethodRefs>
                </SequencePoint>
                <SequencePoint vc="3" uspid="182" ordinal="2" offset="8" sl="10" sc="30" el="10" ec="31" bec="0" bev="0" fileid="18">
                  <TrackedMethodRefs>
                    <TrackedMethodRef uid="2" vc="1" />
                    <TrackedMethodRef uid="3" vc="1" />
                    <TrackedMethodRef uid="4" vc="1" />
                  </TrackedMethodRefs>
                </SequencePoint>
              </SequencePoints>
              <BranchPoints />
              <MethodPoint xsi:type="SequencePoint" vc="3" uspid="180" ordinal="0" offset="0" sl="10" sc="9" el="10" ec="27" bec="0" bev="0" fileid="18">
                <TrackedMethodRefs>
                  <TrackedMethodRef uid="2" vc="1" />
                  <TrackedMethodRef uid="3" vc="1" />
                  <TrackedMethodRef uid="4" vc="1" />
                </TrackedMethodRefs>
              </MethodPoint>
            </Method>
            <Method visited="true" cyclomaticComplexity="1" nPathComplexity="0" sequenceCoverage="100" branchCoverage="100" crapScore="1" isConstructor="false" isStatic="true" isGetter="false" isSetter="false">
              <Summary numSequencePoints="3" visitedSequencePoints="3" numBranchPoints="1" visitedBranchPoints="1" sequenceCoverage="100" branchCoverage="100" maxCyclomaticComplexity="1" minCyclomaticComplexity="1" maxCrapScore="1" minCrapScore="1" visitedClasses="0" numClasses="0" visitedMethods="1" numMethods="1" />
              <MetadataToken>100663326</MetadataToken>
              <Name>Company.Data.Entities.Employee Company.Data.Entities.Employee::Create(System.String,System.String,System.String)</Name>
              <FileRef uid="18" />
              <SequencePoints>
                <SequencePoint vc="3" uspid="183" ordinal="0" offset="0" sl="13" sc="9" el="13" ec="10" bec="0" bev="0" fileid="18">
                  <TrackedMethodRefs>
                    <TrackedMethodRef uid="2" vc="1" />
                    <TrackedMethodRef uid="3" vc="1" />
                    <TrackedMethodRef uid="4" vc="1" />
                  </TrackedMethodRefs>
                </SequencePoint>
                <SequencePoint vc="3" uspid="184" ordinal="1" offset="1" sl="14" sc="13" el="19" ec="15" bec="0" bev="0" fileid="18">
                  <TrackedMethodRefs>
                    <TrackedMethodRef uid="2" vc="1" />
                    <TrackedMethodRef uid="3" vc="1" />
                    <TrackedMethodRef uid="4" vc="1" />
                  </TrackedMethodRefs>
                </SequencePoint>
                <SequencePoint vc="3" uspid="185" ordinal="2" offset="33" sl="20" sc="9" el="20" ec="10" bec="0" bev="0" fileid="18">
                  <TrackedMethodRefs>
                    <TrackedMethodRef uid="2" vc="1" />
                    <TrackedMethodRef uid="3" vc="1" />
                    <TrackedMethodRef uid="4" vc="1" />
                  </TrackedMethodRefs>
                </SequencePoint>
              </SequencePoints>
              <BranchPoints />
              <MethodPoint xsi:type="SequencePoint" vc="3" uspid="183" ordinal="0" offset="0" sl="13" sc="9" el="13" ec="10" bec="0" bev="0" fileid="18">
                <TrackedMethodRefs>
                  <TrackedMethodRef uid="2" vc="1" />
                  <TrackedMethodRef uid="3" vc="1" />
                  <TrackedMethodRef uid="4" vc="1" />
                </TrackedMethodRefs>
              </MethodPoint>
            </Method>
          </Methods>
        </Class>
      </Classes>
      <TrackedMethods />
    </Module>
  </Modules>
</CoverageSession>